Analysis & Synthesis report for bird_top_entity_12
Wed May 08 21:53:45 2024
Quartus Prime Version 18.1.0 Build 625 09/12/2018 SJ Lite Edition


---------------------
; Table of Contents ;
---------------------
  1. Legal Notice
  2. Analysis & Synthesis Summary
  3. Analysis & Synthesis Settings
  4. Parallel Compilation
  5. Analysis & Synthesis Source Files Read
  6. Analysis & Synthesis Resource Usage Summary
  7. Analysis & Synthesis Resource Utilization by Entity
  8. Analysis & Synthesis RAM Summary
  9. Registers Removed During Synthesis
 10. General Register Statistics
 11. Inverted Register Statistics
 12. Multiplexer Restructuring Statistics (Restructuring Performed)
 13. Source assignments for bird_sprite_rom_12:s_rom|altsyncram:altsyncram_component|altsyncram_0pg1:auto_generated
 14. Parameter Settings for User Entity Instance: bird_sprite_rom_12:s_rom|altsyncram:altsyncram_component
 15. altsyncram Parameter Settings by Entity Instance
 16. Port Connectivity Checks: "pipes:MY_PIPES|random_gen:RNG"
 17. Port Connectivity Checks: "bird:sprite"
 18. Port Connectivity Checks: "Clock_Divider:CLOCK_25mhz"
 19. Post-Synthesis Netlist Statistics for Top Partition
 20. Elapsed Time Per Partition
 21. Analysis & Synthesis Messages



----------------
; Legal Notice ;
----------------
Copyright (C) 2018  Intel Corporation. All rights reserved.
Your use of Intel Corporation's design tools, logic functions 
and other software and tools, and its AMPP partner logic 
functions, and any output files from any of the foregoing 
(including device programming or simulation files), and any 
associated documentation or information are expressly subject 
to the terms and conditions of the Intel Program License 
Subscription Agreement, the Intel Quartus Prime License Agreement,
the Intel FPGA IP License Agreement, or other applicable license
agreement, including, without limitation, that your use is for
the sole purpose of programming logic devices manufactured by
Intel and sold by Intel or its authorized distributors.  Please
refer to the applicable agreement for further details.



+-------------------------------------------------------------------------------+
; Analysis & Synthesis Summary                                                  ;
+---------------------------------+---------------------------------------------+
; Analysis & Synthesis Status     ; Successful - Wed May 08 21:53:45 2024       ;
; Quartus Prime Version           ; 18.1.0 Build 625 09/12/2018 SJ Lite Edition ;
; Revision Name                   ; bird_top_entity_12                          ;
; Top-level Entity Name           ; bird_top_entity_12                          ;
; Family                          ; Cyclone V                                   ;
; Logic utilization (in ALMs)     ; N/A                                         ;
; Total registers                 ; 139                                         ;
; Total pins                      ; 35                                          ;
; Total virtual pins              ; 0                                           ;
; Total block memory bits         ; 3,328                                       ;
; Total DSP Blocks                ; 0                                           ;
; Total HSSI RX PCSs              ; 0                                           ;
; Total HSSI PMA RX Deserializers ; 0                                           ;
; Total HSSI TX PCSs              ; 0                                           ;
; Total HSSI PMA TX Serializers   ; 0                                           ;
; Total PLLs                      ; 0                                           ;
; Total DLLs                      ; 0                                           ;
+---------------------------------+---------------------------------------------+


+---------------------------------------------------------------------------------------------------------------------------+
; Analysis & Synthesis Settings                                                                                             ;
+---------------------------------------------------------------------------------+--------------------+--------------------+
; Option                                                                          ; Setting            ; Default Value      ;
+---------------------------------------------------------------------------------+--------------------+--------------------+
; Device                                                                          ; 5CEBA4F23C7        ;                    ;
; Top-level entity name                                                           ; bird_top_entity_12 ; bird_top_entity_12 ;
; Family name                                                                     ; Cyclone V          ; Cyclone V          ;
; Use smart compilation                                                           ; Off                ; Off                ;
; Enable parallel Assembler and Timing Analyzer during compilation                ; On                 ; On                 ;
; Enable compact report table                                                     ; Off                ; Off                ;
; Restructure Multiplexers                                                        ; Auto               ; Auto               ;
; MLAB Add Timing Constraints For Mixed-Port Feed-Through Mode Setting Don't Care ; Off                ; Off                ;
; Create Debugging Nodes for IP Cores                                             ; Off                ; Off                ;
; Preserve fewer node names                                                       ; On                 ; On                 ;
; Intel FPGA IP Evaluation Mode                                                   ; Enable             ; Enable             ;
; Verilog Version                                                                 ; Verilog_2001       ; Verilog_2001       ;
; VHDL Version                                                                    ; VHDL_1993          ; VHDL_1993          ;
; State Machine Processing                                                        ; Auto               ; Auto               ;
; Safe State Machine                                                              ; Off                ; Off                ;
; Extract Verilog State Machines                                                  ; On                 ; On                 ;
; Extract VHDL State Machines                                                     ; On                 ; On                 ;
; Ignore Verilog initial constructs                                               ; Off                ; Off                ;
; Iteration limit for constant Verilog loops                                      ; 5000               ; 5000               ;
; Iteration limit for non-constant Verilog loops                                  ; 250                ; 250                ;
; Add Pass-Through Logic to Inferred RAMs                                         ; On                 ; On                 ;
; Infer RAMs from Raw Logic                                                       ; On                 ; On                 ;
; Parallel Synthesis                                                              ; On                 ; On                 ;
; DSP Block Balancing                                                             ; Auto               ; Auto               ;
; NOT Gate Push-Back                                                              ; On                 ; On                 ;
; Power-Up Don't Care                                                             ; On                 ; On                 ;
; Remove Redundant Logic Cells                                                    ; Off                ; Off                ;
; Remove Duplicate Registers                                                      ; On                 ; On                 ;
; Ignore CARRY Buffers                                                            ; Off                ; Off                ;
; Ignore CASCADE Buffers                                                          ; Off                ; Off                ;
; Ignore GLOBAL Buffers                                                           ; Off                ; Off                ;
; Ignore ROW GLOBAL Buffers                                                       ; Off                ; Off                ;
; Ignore LCELL Buffers                                                            ; Off                ; Off                ;
; Ignore SOFT Buffers                                                             ; On                 ; On                 ;
; Limit AHDL Integers to 32 Bits                                                  ; Off                ; Off                ;
; Optimization Technique                                                          ; Balanced           ; Balanced           ;
; Carry Chain Length                                                              ; 70                 ; 70                 ;
; Auto Carry Chains                                                               ; On                 ; On                 ;
; Auto Open-Drain Pins                                                            ; On                 ; On                 ;
; Perform WYSIWYG Primitive Resynthesis                                           ; Off                ; Off                ;
; Auto ROM Replacement                                                            ; On                 ; On                 ;
; Auto RAM Replacement                                                            ; On                 ; On                 ;
; Auto DSP Block Replacement                                                      ; On                 ; On                 ;
; Auto Shift Register Replacement                                                 ; Auto               ; Auto               ;
; Allow Shift Register Merging across Hierarchies                                 ; Auto               ; Auto               ;
; Auto Clock Enable Replacement                                                   ; On                 ; On                 ;
; Strict RAM Replacement                                                          ; Off                ; Off                ;
; Allow Synchronous Control Signals                                               ; On                 ; On                 ;
; Force Use of Synchronous Clear Signals                                          ; Off                ; Off                ;
; Auto Resource Sharing                                                           ; Off                ; Off                ;
; Allow Any RAM Size For Recognition                                              ; Off                ; Off                ;
; Allow Any ROM Size For Recognition                                              ; Off                ; Off                ;
; Allow Any Shift Register Size For Recognition                                   ; Off                ; Off                ;
; Use LogicLock Constraints during Resource Balancing                             ; On                 ; On                 ;
; Ignore translate_off and synthesis_off directives                               ; Off                ; Off                ;
; Timing-Driven Synthesis                                                         ; On                 ; On                 ;
; Report Parameter Settings                                                       ; On                 ; On                 ;
; Report Source Assignments                                                       ; On                 ; On                 ;
; Report Connectivity Checks                                                      ; On                 ; On                 ;
; Ignore Maximum Fan-Out Assignments                                              ; Off                ; Off                ;
; Synchronization Register Chain Length                                           ; 3                  ; 3                  ;
; Power Optimization During Synthesis                                             ; Normal compilation ; Normal compilation ;
; HDL message level                                                               ; Level2             ; Level2             ;
; Suppress Register Optimization Related Messages                                 ; Off                ; Off                ;
; Number of Removed Registers Reported in Synthesis Report                        ; 5000               ; 5000               ;
; Number of Swept Nodes Reported in Synthesis Report                              ; 5000               ; 5000               ;
; Number of Inverted Registers Reported in Synthesis Report                       ; 100                ; 100                ;
; Clock MUX Protection                                                            ; On                 ; On                 ;
; Auto Gated Clock Conversion                                                     ; Off                ; Off                ;
; Block Design Naming                                                             ; Auto               ; Auto               ;
; SDC constraint protection                                                       ; Off                ; Off                ;
; Synthesis Effort                                                                ; Auto               ; Auto               ;
; Shift Register Replacement - Allow Asynchronous Clear Signal                    ; On                 ; On                 ;
; Pre-Mapping Resynthesis Optimization                                            ; Off                ; Off                ;
; Analysis & Synthesis Message Level                                              ; Medium             ; Medium             ;
; Disable Register Merging Across Hierarchies                                     ; Auto               ; Auto               ;
; Resource Aware Inference For Block RAM                                          ; On                 ; On                 ;
; Automatic Parallel Synthesis                                                    ; On                 ; On                 ;
; Partial Reconfiguration Bitstream ID                                            ; Off                ; Off                ;
+---------------------------------------------------------------------------------+--------------------+--------------------+


+------------------------------------------+
; Parallel Compilation                     ;
+----------------------------+-------------+
; Processors                 ; Number      ;
+----------------------------+-------------+
; Number detected on machine ; 20          ;
; Maximum allowed            ; 14          ;
;                            ;             ;
; Average used               ; 1.00        ;
; Maximum used               ; 14          ;
;                            ;             ;
; Usage by Processor         ; % Time Used ;
;     Processor 1            ; 100.0%      ;
;     Processor 2            ;   0.0%      ;
;     Processors 3-14        ;   0.0%      ;
+----------------------------+-------------+


+-----------------------------------------------------------------------------------------------------------------------------------------------------------------------------------+
; Analysis & Synthesis Source Files Read                                                                                                                                            ;
+----------------------------------------+-----------------+------------------------------+-------------------------------------------------------------------------------+---------+
; File Name with User-Entered Path       ; Used in Netlist ; File Type                    ; File Name with Absolute Path                                                  ; Library ;
+----------------------------------------+-----------------+------------------------------+-------------------------------------------------------------------------------+---------+
; ../vhd and data/collision.vhd          ; yes             ; User VHDL File               ; C:/Users/juane/Desktop/305FlappyBird/vhd and data/collision.vhd               ;         ;
; ../vhd and data/random_gen.vhd         ; yes             ; User VHDL File               ; C:/Users/juane/Desktop/305FlappyBird/vhd and data/random_gen.vhd              ;         ;
; ../vhd and data/pipes.vhd              ; yes             ; User VHDL File               ; C:/Users/juane/Desktop/305FlappyBird/vhd and data/pipes.vhd                   ;         ;
; ../vhd and data/display_controller.vhd ; yes             ; User VHDL File               ; C:/Users/juane/Desktop/305FlappyBird/vhd and data/display_controller.vhd      ;         ;
; ../vhd and data/background.vhd         ; yes             ; User VHDL File               ; C:/Users/juane/Desktop/305FlappyBird/vhd and data/background.vhd              ;         ;
; ../vhd and data/vga_sync_12.vhd        ; yes             ; User VHDL File               ; C:/Users/juane/Desktop/305FlappyBird/vhd and data/vga_sync_12.vhd             ;         ;
; ../vhd and data/clock_divider.vhd      ; yes             ; User VHDL File               ; C:/Users/juane/Desktop/305FlappyBird/vhd and data/clock_divider.vhd           ;         ;
; ../vhd and data/bird_top_entity_12.vhd ; yes             ; User VHDL File               ; C:/Users/juane/Desktop/305FlappyBird/vhd and data/bird_top_entity_12.vhd      ;         ;
; ../vhd and data/bird_sprite_rom_12.vhd ; yes             ; User VHDL File               ; C:/Users/juane/Desktop/305FlappyBird/vhd and data/bird_sprite_rom_12.vhd      ;         ;
; ../vhd and data/bird.vhd               ; yes             ; User VHDL File               ; C:/Users/juane/Desktop/305FlappyBird/vhd and data/bird.vhd                    ;         ;
; altsyncram.tdf                         ; yes             ; Megafunction                 ; c:/intelfpga_lite/18.1/quartus/libraries/megafunctions/altsyncram.tdf         ;         ;
; stratix_ram_block.inc                  ; yes             ; Megafunction                 ; c:/intelfpga_lite/18.1/quartus/libraries/megafunctions/stratix_ram_block.inc  ;         ;
; lpm_mux.inc                            ; yes             ; Megafunction                 ; c:/intelfpga_lite/18.1/quartus/libraries/megafunctions/lpm_mux.inc            ;         ;
; lpm_decode.inc                         ; yes             ; Megafunction                 ; c:/intelfpga_lite/18.1/quartus/libraries/megafunctions/lpm_decode.inc         ;         ;
; aglobal181.inc                         ; yes             ; Megafunction                 ; c:/intelfpga_lite/18.1/quartus/libraries/megafunctions/aglobal181.inc         ;         ;
; a_rdenreg.inc                          ; yes             ; Megafunction                 ; c:/intelfpga_lite/18.1/quartus/libraries/megafunctions/a_rdenreg.inc          ;         ;
; altrom.inc                             ; yes             ; Megafunction                 ; c:/intelfpga_lite/18.1/quartus/libraries/megafunctions/altrom.inc             ;         ;
; altram.inc                             ; yes             ; Megafunction                 ; c:/intelfpga_lite/18.1/quartus/libraries/megafunctions/altram.inc             ;         ;
; altdpram.inc                           ; yes             ; Megafunction                 ; c:/intelfpga_lite/18.1/quartus/libraries/megafunctions/altdpram.inc           ;         ;
; db/altsyncram_0pg1.tdf                 ; yes             ; Auto-Generated Megafunction  ; C:/Users/juane/Desktop/305FlappyBird/BirdSpriteQuartus/db/altsyncram_0pg1.tdf ;         ;
+----------------------------------------+-----------------+------------------------------+-------------------------------------------------------------------------------+---------+


+---------------------------------------------------------------------------------+
; Analysis & Synthesis Resource Usage Summary                                     ;
+---------------------------------------------+-----------------------------------+
; Resource                                    ; Usage                             ;
+---------------------------------------------+-----------------------------------+
; Estimate of Logic utilization (ALMs needed) ; 149                               ;
;                                             ;                                   ;
; Combinational ALUT usage for logic          ; 249                               ;
;     -- 7 input functions                    ; 1                                 ;
;     -- 6 input functions                    ; 43                                ;
;     -- 5 input functions                    ; 50                                ;
;     -- 4 input functions                    ; 35                                ;
;     -- <=3 input functions                  ; 120                               ;
;                                             ;                                   ;
; Dedicated logic registers                   ; 139                               ;
;                                             ;                                   ;
; I/O pins                                    ; 35                                ;
; Total MLAB memory bits                      ; 0                                 ;
; Total block memory bits                     ; 3328                              ;
;                                             ;                                   ;
; Total DSP Blocks                            ; 0                                 ;
;                                             ;                                   ;
; Maximum fan-out node                        ; Clock_Divider:CLOCK_25mhz|clk_out ;
; Maximum fan-out                             ; 78                                ;
; Total fan-out                               ; 1421                              ;
; Average fan-out                             ; 3.02                              ;
+---------------------------------------------+-----------------------------------+


+------------------------------------------------------------------------------------------------------------------------------------------------------------------------------------------------------------------------------------------------------------------------------------------------------+
; Analysis & Synthesis Resource Utilization by Entity                                                                                                                                                                                                                                                  ;
+-------------------------------------------+---------------------+---------------------------+-------------------+------------+------+--------------+-------------------------------------------------------------------------------------------------------------+--------------------+--------------+
; Compilation Hierarchy Node                ; Combinational ALUTs ; Dedicated Logic Registers ; Block Memory Bits ; DSP Blocks ; Pins ; Virtual Pins ; Full Hierarchy Name                                                                                         ; Entity Name        ; Library Name ;
+-------------------------------------------+---------------------+---------------------------+-------------------+------------+------+--------------+-------------------------------------------------------------------------------------------------------------+--------------------+--------------+
; |bird_top_entity_12                       ; 249 (0)             ; 139 (0)                   ; 3328              ; 0          ; 35   ; 0            ; |bird_top_entity_12                                                                                         ; bird_top_entity_12 ; work         ;
;    |Clock_Divider:CLOCK_25mhz|            ; 43 (43)             ; 34 (34)                   ; 0                 ; 0          ; 0    ; 0            ; |bird_top_entity_12|Clock_Divider:CLOCK_25mhz                                                               ; Clock_Divider      ; work         ;
;    |VGA_SYNC_12:VGA|                      ; 56 (56)             ; 57 (57)                   ; 0                 ; 0          ; 0    ; 0            ; |bird_top_entity_12|VGA_SYNC_12:VGA                                                                         ; VGA_SYNC_12        ; work         ;
;    |bird:sprite|                          ; 16 (16)             ; 0 (0)                     ; 0                 ; 0          ; 0    ; 0            ; |bird_top_entity_12|bird:sprite                                                                             ; bird               ; work         ;
;    |bird_sprite_rom_12:s_rom|             ; 0 (0)               ; 0 (0)                     ; 3328              ; 0          ; 0    ; 0            ; |bird_top_entity_12|bird_sprite_rom_12:s_rom                                                                ; bird_sprite_rom_12 ; work         ;
;       |altsyncram:altsyncram_component|   ; 0 (0)               ; 0 (0)                     ; 3328              ; 0          ; 0    ; 0            ; |bird_top_entity_12|bird_sprite_rom_12:s_rom|altsyncram:altsyncram_component                                ; altsyncram         ; work         ;
;          |altsyncram_0pg1:auto_generated| ; 0 (0)               ; 0 (0)                     ; 3328              ; 0          ; 0    ; 0            ; |bird_top_entity_12|bird_sprite_rom_12:s_rom|altsyncram:altsyncram_component|altsyncram_0pg1:auto_generated ; altsyncram_0pg1    ; work         ;
;    |collision:COLLISION_DETECTOR|         ; 1 (1)               ; 0 (0)                     ; 0                 ; 0          ; 0    ; 0            ; |bird_top_entity_12|collision:COLLISION_DETECTOR                                                            ; collision          ; work         ;
;    |display_controller:DISPLAY|           ; 1 (1)               ; 0 (0)                     ; 0                 ; 0          ; 0    ; 0            ; |bird_top_entity_12|display_controller:DISPLAY                                                              ; display_controller ; work         ;
;    |pipes:MY_PIPES|                       ; 132 (130)           ; 48 (40)                   ; 0                 ; 0          ; 0    ; 0            ; |bird_top_entity_12|pipes:MY_PIPES                                                                          ; pipes              ; work         ;
;       |random_gen:RNG|                    ; 2 (2)               ; 8 (8)                     ; 0                 ; 0          ; 0    ; 0            ; |bird_top_entity_12|pipes:MY_PIPES|random_gen:RNG                                                           ; random_gen         ; work         ;
+-------------------------------------------+---------------------+---------------------------+-------------------+------------+------+--------------+-------------------------------------------------------------------------------------------------------------+--------------------+--------------+
Note: For table entries with two numbers listed, the numbers in parentheses indicate the number of resources of the given type used by the specific entity alone. The numbers listed outside of parentheses indicate the total resources of the given type used by the specific entity and all of its sub-entities in the hierarchy.


+--------------------------------------------------------------------------------------------------------------------------------------------------------------------------------------------------------+
; Analysis & Synthesis RAM Summary                                                                                                                                                                       ;
+----------------------------------------------------------------------------------------------------+------+------+--------------+--------------+--------------+--------------+------+------------------+
; Name                                                                                               ; Type ; Mode ; Port A Depth ; Port A Width ; Port B Depth ; Port B Width ; Size ; MIF              ;
+----------------------------------------------------------------------------------------------------+------+------+--------------+--------------+--------------+--------------+------+------------------+
; bird_sprite_rom_12:s_rom|altsyncram:altsyncram_component|altsyncram_0pg1:auto_generated|ALTSYNCRAM ; AUTO ; ROM  ; 256          ; 16           ; --           ; --           ; 4096 ; bird_data_v2.mif ;
+----------------------------------------------------------------------------------------------------+------+------+--------------+--------------+--------------+--------------+------+------------------+


+--------------------------------------------------------------------------------+
; Registers Removed During Synthesis                                             ;
+---------------------------------------+----------------------------------------+
; Register name                         ; Reason for Removal                     ;
+---------------------------------------+----------------------------------------+
; VGA_SYNC_12:VGA|pixel_row[9]          ; Stuck at GND due to stuck port data_in ;
; Total Number of Removed Registers = 1 ;                                        ;
+---------------------------------------+----------------------------------------+


+------------------------------------------------------+
; General Register Statistics                          ;
+----------------------------------------------+-------+
; Statistic                                    ; Value ;
+----------------------------------------------+-------+
; Total registers                              ; 139   ;
; Number of registers using Synchronous Clear  ; 51    ;
; Number of registers using Synchronous Load   ; 0     ;
; Number of registers using Asynchronous Clear ; 0     ;
; Number of registers using Asynchronous Load  ; 0     ;
; Number of registers using Clock Enable       ; 47    ;
; Number of registers using Preset             ; 0     ;
+----------------------------------------------+-------+


+---------------------------------------------------+
; Inverted Register Statistics                      ;
+-----------------------------------------+---------+
; Inverted Register                       ; Fan out ;
+-----------------------------------------+---------+
; pipes:MY_PIPES|pipe2_y_pos[8]           ; 4       ;
; pipes:MY_PIPES|pipe2_y_pos[6]           ; 8       ;
; pipes:MY_PIPES|pipe2_y_pos[5]           ; 4       ;
; pipes:MY_PIPES|pipe2_y_pos[3]           ; 2       ;
; pipes:MY_PIPES|pipe2_x_pos[2]           ; 3       ;
; pipes:MY_PIPES|pipe2_x_pos[4]           ; 7       ;
; pipes:MY_PIPES|pipe2_x_pos[3]           ; 4       ;
; pipes:MY_PIPES|pipe2_x_pos[1]           ; 3       ;
; pipes:MY_PIPES|pipe2_x_pos[7]           ; 8       ;
; pipes:MY_PIPES|pipe2_x_pos[5]           ; 6       ;
; pipes:MY_PIPES|pipe2_x_pos[9]           ; 6       ;
; pipes:MY_PIPES|pipe2_x_pos[8]           ; 6       ;
; pipes:MY_PIPES|pipe1_y_pos[8]           ; 4       ;
; pipes:MY_PIPES|pipe1_y_pos[6]           ; 8       ;
; pipes:MY_PIPES|pipe1_y_pos[5]           ; 4       ;
; pipes:MY_PIPES|pipe1_y_pos[3]           ; 2       ;
; pipes:MY_PIPES|pipe1_x_pos[2]           ; 3       ;
; pipes:MY_PIPES|pipe1_x_pos[4]           ; 7       ;
; pipes:MY_PIPES|pipe1_x_pos[3]           ; 4       ;
; pipes:MY_PIPES|pipe1_x_pos[1]           ; 3       ;
; pipes:MY_PIPES|pipe1_x_pos[0]           ; 3       ;
; pipes:MY_PIPES|pipe1_x_pos[5]           ; 6       ;
; pipes:MY_PIPES|pipe1_x_pos[6]           ; 7       ;
; pipes:MY_PIPES|pipe1_x_pos[9]           ; 6       ;
; pipes:MY_PIPES|random_gen:RNG|s_Q[0]    ; 2       ;
; Total number of inverted registers = 25 ;         ;
+-----------------------------------------+---------+


+--------------------------------------------------------------------------------------------------------------------------------------------------------------+
; Multiplexer Restructuring Statistics (Restructuring Performed)                                                                                               ;
+--------------------+-----------+---------------+----------------------+------------------------+------------+------------------------------------------------+
; Multiplexer Inputs ; Bus Width ; Baseline Area ; Area if Restructured ; Saving if Restructured ; Registered ; Example Multiplexer Output                     ;
+--------------------+-----------+---------------+----------------------+------------------------+------------+------------------------------------------------+
; 3:1                ; 10 bits   ; 20 LEs        ; 0 LEs                ; 20 LEs                 ; Yes        ; |bird_top_entity_12|VGA_SYNC_12:VGA|v_count[1] ;
+--------------------+-----------+---------------+----------------------+------------------------+------------+------------------------------------------------+


+----------------------------------------------------------------------------------------------------------------+
; Source assignments for bird_sprite_rom_12:s_rom|altsyncram:altsyncram_component|altsyncram_0pg1:auto_generated ;
+---------------------------------+--------------------+------+--------------------------------------------------+
; Assignment                      ; Value              ; From ; To                                               ;
+---------------------------------+--------------------+------+--------------------------------------------------+
; OPTIMIZE_POWER_DURING_SYNTHESIS ; NORMAL_COMPILATION ; -    ; -                                                ;
+---------------------------------+--------------------+------+--------------------------------------------------+


+-------------------------------------------------------------------------------------------------------+
; Parameter Settings for User Entity Instance: bird_sprite_rom_12:s_rom|altsyncram:altsyncram_component ;
+------------------------------------+----------------------+-------------------------------------------+
; Parameter Name                     ; Value                ; Type                                      ;
+------------------------------------+----------------------+-------------------------------------------+
; BYTE_SIZE_BLOCK                    ; 8                    ; Untyped                                   ;
; AUTO_CARRY_CHAINS                  ; ON                   ; AUTO_CARRY                                ;
; IGNORE_CARRY_BUFFERS               ; OFF                  ; IGNORE_CARRY                              ;
; AUTO_CASCADE_CHAINS                ; ON                   ; AUTO_CASCADE                              ;
; IGNORE_CASCADE_BUFFERS             ; OFF                  ; IGNORE_CASCADE                            ;
; WIDTH_BYTEENA                      ; 1                    ; Untyped                                   ;
; OPERATION_MODE                     ; ROM                  ; Untyped                                   ;
; WIDTH_A                            ; 16                   ; Signed Integer                            ;
; WIDTHAD_A                          ; 21                   ; Signed Integer                            ;
; NUMWORDS_A                         ; 256                  ; Signed Integer                            ;
; OUTDATA_REG_A                      ; UNREGISTERED         ; Untyped                                   ;
; ADDRESS_ACLR_A                     ; NONE                 ; Untyped                                   ;
; OUTDATA_ACLR_A                     ; NONE                 ; Untyped                                   ;
; WRCONTROL_ACLR_A                   ; NONE                 ; Untyped                                   ;
; INDATA_ACLR_A                      ; NONE                 ; Untyped                                   ;
; BYTEENA_ACLR_A                     ; NONE                 ; Untyped                                   ;
; WIDTH_B                            ; 1                    ; Untyped                                   ;
; WIDTHAD_B                          ; 1                    ; Untyped                                   ;
; NUMWORDS_B                         ; 1                    ; Untyped                                   ;
; INDATA_REG_B                       ; CLOCK1               ; Untyped                                   ;
; WRCONTROL_WRADDRESS_REG_B          ; CLOCK1               ; Untyped                                   ;
; RDCONTROL_REG_B                    ; CLOCK1               ; Untyped                                   ;
; ADDRESS_REG_B                      ; CLOCK1               ; Untyped                                   ;
; OUTDATA_REG_B                      ; UNREGISTERED         ; Untyped                                   ;
; BYTEENA_REG_B                      ; CLOCK1               ; Untyped                                   ;
; INDATA_ACLR_B                      ; NONE                 ; Untyped                                   ;
; WRCONTROL_ACLR_B                   ; NONE                 ; Untyped                                   ;
; ADDRESS_ACLR_B                     ; NONE                 ; Untyped                                   ;
; OUTDATA_ACLR_B                     ; NONE                 ; Untyped                                   ;
; RDCONTROL_ACLR_B                   ; NONE                 ; Untyped                                   ;
; BYTEENA_ACLR_B                     ; NONE                 ; Untyped                                   ;
; WIDTH_BYTEENA_A                    ; 1                    ; Signed Integer                            ;
; WIDTH_BYTEENA_B                    ; 1                    ; Untyped                                   ;
; RAM_BLOCK_TYPE                     ; AUTO                 ; Untyped                                   ;
; BYTE_SIZE                          ; 8                    ; Untyped                                   ;
; READ_DURING_WRITE_MODE_MIXED_PORTS ; DONT_CARE            ; Untyped                                   ;
; READ_DURING_WRITE_MODE_PORT_A      ; NEW_DATA_NO_NBE_READ ; Untyped                                   ;
; READ_DURING_WRITE_MODE_PORT_B      ; NEW_DATA_NO_NBE_READ ; Untyped                                   ;
; INIT_FILE                          ; bird_data_v2.mif     ; Untyped                                   ;
; INIT_FILE_LAYOUT                   ; PORT_A               ; Untyped                                   ;
; MAXIMUM_DEPTH                      ; 0                    ; Untyped                                   ;
; CLOCK_ENABLE_INPUT_A               ; BYPASS               ; Untyped                                   ;
; CLOCK_ENABLE_INPUT_B               ; NORMAL               ; Untyped                                   ;
; CLOCK_ENABLE_OUTPUT_A              ; BYPASS               ; Untyped                                   ;
; CLOCK_ENABLE_OUTPUT_B              ; NORMAL               ; Untyped                                   ;
; CLOCK_ENABLE_CORE_A                ; USE_INPUT_CLKEN      ; Untyped                                   ;
; CLOCK_ENABLE_CORE_B                ; USE_INPUT_CLKEN      ; Untyped                                   ;
; ENABLE_ECC                         ; FALSE                ; Untyped                                   ;
; ECC_PIPELINE_STAGE_ENABLED         ; FALSE                ; Untyped                                   ;
; WIDTH_ECCSTATUS                    ; 3                    ; Untyped                                   ;
; DEVICE_FAMILY                      ; Cyclone V            ; Untyped                                   ;
; CBXI_PARAMETER                     ; altsyncram_0pg1      ; Untyped                                   ;
+------------------------------------+----------------------+-------------------------------------------+
Note: In order to hide this table in the UI and the text report file, please set the "Show Parameter Settings in Synthesis Report" option in "Analysis and Synthesis Settings -> More Settings" to "Off".


+------------------------------------------------------------------------------------------------------+
; altsyncram Parameter Settings by Entity Instance                                                     ;
+-------------------------------------------+----------------------------------------------------------+
; Name                                      ; Value                                                    ;
+-------------------------------------------+----------------------------------------------------------+
; Number of entity instances                ; 1                                                        ;
; Entity Instance                           ; bird_sprite_rom_12:s_rom|altsyncram:altsyncram_component ;
;     -- OPERATION_MODE                     ; ROM                                                      ;
;     -- WIDTH_A                            ; 16                                                       ;
;     -- NUMWORDS_A                         ; 256                                                      ;
;     -- OUTDATA_REG_A                      ; UNREGISTERED                                             ;
;     -- WIDTH_B                            ; 1                                                        ;
;     -- NUMWORDS_B                         ; 1                                                        ;
;     -- ADDRESS_REG_B                      ; CLOCK1                                                   ;
;     -- OUTDATA_REG_B                      ; UNREGISTERED                                             ;
;     -- RAM_BLOCK_TYPE                     ; AUTO                                                     ;
;     -- READ_DURING_WRITE_MODE_MIXED_PORTS ; DONT_CARE                                                ;
+-------------------------------------------+----------------------------------------------------------+


+-----------------------------------------------------------+
; Port Connectivity Checks: "pipes:MY_PIPES|random_gen:RNG" ;
+--------+-------+----------+-------------------------------+
; Port   ; Type  ; Severity ; Details                       ;
+--------+-------+----------+-------------------------------+
; reset  ; Input ; Info     ; Stuck at GND                  ;
; enable ; Input ; Info     ; Stuck at VCC                  ;
+--------+-------+----------+-------------------------------+


+-----------------------------------------------+
; Port Connectivity Checks: "bird:sprite"       ;
+-------------+-------+----------+--------------+
; Port        ; Type  ; Severity ; Details      ;
+-------------+-------+----------+--------------+
; x_pos[2..1] ; Input ; Info     ; Stuck at VCC ;
; x_pos[9..8] ; Input ; Info     ; Stuck at GND ;
; x_pos[6..5] ; Input ; Info     ; Stuck at GND ;
; x_pos[7]    ; Input ; Info     ; Stuck at VCC ;
; x_pos[4]    ; Input ; Info     ; Stuck at VCC ;
; x_pos[3]    ; Input ; Info     ; Stuck at GND ;
; x_pos[0]    ; Input ; Info     ; Stuck at GND ;
; y_pos[2..1] ; Input ; Info     ; Stuck at VCC ;
; y_pos[9..8] ; Input ; Info     ; Stuck at GND ;
; y_pos[6..5] ; Input ; Info     ; Stuck at GND ;
; y_pos[7]    ; Input ; Info     ; Stuck at VCC ;
; y_pos[4]    ; Input ; Info     ; Stuck at VCC ;
; y_pos[3]    ; Input ; Info     ; Stuck at GND ;
; y_pos[0]    ; Input ; Info     ; Stuck at GND ;
+-------------+-------+----------+--------------+


+-------------------------------------------------------+
; Port Connectivity Checks: "Clock_Divider:CLOCK_25mhz" ;
+----------------+-------+----------+-------------------+
; Port           ; Type  ; Severity ; Details           ;
+----------------+-------+----------+-------------------+
; divider[31..1] ; Input ; Info     ; Stuck at GND      ;
; divider[0]     ; Input ; Info     ; Stuck at VCC      ;
+----------------+-------+----------+-------------------+


+-----------------------------------------------------+
; Post-Synthesis Netlist Statistics for Top Partition ;
+-----------------------+-----------------------------+
; Type                  ; Count                       ;
+-----------------------+-----------------------------+
; arriav_ff             ; 139                         ;
;     ENA               ; 37                          ;
;     ENA SCLR          ; 10                          ;
;     SCLR              ; 41                          ;
;     plain             ; 51                          ;
; arriav_lcell_comb     ; 250                         ;
;     arith             ; 83                          ;
;         1 data inputs ; 83                          ;
;     extend            ; 1                           ;
;         7 data inputs ; 1                           ;
;     normal            ; 166                         ;
;         0 data inputs ; 1                           ;
;         1 data inputs ; 21                          ;
;         2 data inputs ; 6                           ;
;         3 data inputs ; 10                          ;
;         4 data inputs ; 35                          ;
;         5 data inputs ; 50                          ;
;         6 data inputs ; 43                          ;
; boundary_port         ; 35                          ;
; stratixv_ram_block    ; 13                          ;
;                       ;                             ;
; Max LUT depth         ; 6.60                        ;
; Average LUT depth     ; 3.88                        ;
+-----------------------+-----------------------------+


+-------------------------------+
; Elapsed Time Per Partition    ;
+----------------+--------------+
; Partition Name ; Elapsed Time ;
+----------------+--------------+
; Top            ; 00:00:00     ;
+----------------+--------------+


+-------------------------------+
; Analysis & Synthesis Messages ;
+-------------------------------+
Info: *******************************************************************
Info: Running Quartus Prime Analysis & Synthesis
    Info: Version 18.1.0 Build 625 09/12/2018 SJ Lite Edition
    Info: Processing started: Wed May 08 21:53:38 2024
Info: Command: quartus_map --read_settings_files=on --write_settings_files=off bird_top_entity_12 -c bird_top_entity_12
Warning (18236): Number of processors has not been specified which may cause overloading on shared machines.  Set the global assignment NUM_PARALLEL_PROCESSORS in your QSF to an appropriate value for best performance.
Info (20030): Parallel compilation is enabled and will use 14 of the 14 processors detected
Info (12021): Found 2 design units, including 1 entities, in source file /users/juane/desktop/305flappybird/vhd and data/collision.vhd
    Info (12022): Found design unit 1: collision-rtl File: C:/Users/juane/Desktop/305FlappyBird/vhd and data/collision.vhd Line: 14
    Info (12023): Found entity 1: collision File: C:/Users/juane/Desktop/305FlappyBird/vhd and data/collision.vhd Line: 6
Info (12021): Found 2 design units, including 1 entities, in source file /users/juane/desktop/305flappybird/vhd and data/random_gen.vhd
    Info (12022): Found design unit 1: random_gen-rtl File: C:/Users/juane/Desktop/305FlappyBird/vhd and data/random_gen.vhd Line: 14
    Info (12023): Found entity 1: random_gen File: C:/Users/juane/Desktop/305FlappyBird/vhd and data/random_gen.vhd Line: 6
Info (12021): Found 2 design units, including 1 entities, in source file /users/juane/desktop/305flappybird/vhd and data/pipes.vhd
    Info (12022): Found design unit 1: pipes-rtl File: C:/Users/juane/Desktop/305FlappyBird/vhd and data/pipes.vhd Line: 19
    Info (12023): Found entity 1: pipes File: C:/Users/juane/Desktop/305FlappyBird/vhd and data/pipes.vhd Line: 8
Info (12021): Found 2 design units, including 1 entities, in source file /users/juane/desktop/305flappybird/vhd and data/display_controller.vhd
    Info (12022): Found design unit 1: display_controller-beh File: C:/Users/juane/Desktop/305FlappyBird/vhd and data/display_controller.vhd Line: 18
    Info (12023): Found entity 1: display_controller File: C:/Users/juane/Desktop/305FlappyBird/vhd and data/display_controller.vhd Line: 6
Info (12021): Found 2 design units, including 1 entities, in source file /users/juane/desktop/305flappybird/vhd and data/background.vhd
    Info (12022): Found design unit 1: background-beh File: C:/Users/juane/Desktop/305FlappyBird/vhd and data/background.vhd Line: 14
    Info (12023): Found entity 1: background File: C:/Users/juane/Desktop/305FlappyBird/vhd and data/background.vhd Line: 6
Info (12021): Found 2 design units, including 1 entities, in source file /users/juane/desktop/305flappybird/vhd and data/vga_sync_12.vhd
    Info (12022): Found design unit 1: VGA_SYNC_12-a File: C:/Users/juane/Desktop/305FlappyBird/vhd and data/vga_sync_12.vhd Line: 18
    Info (12023): Found entity 1: VGA_SYNC_12 File: C:/Users/juane/Desktop/305FlappyBird/vhd and data/vga_sync_12.vhd Line: 7
Info (12021): Found 2 design units, including 1 entities, in source file /users/juane/desktop/305flappybird/vhd and data/clock_divider.vhd
    Info (12022): Found design unit 1: Clock_Divider-arch File: C:/Users/juane/Desktop/305FlappyBird/vhd and data/clock_divider.vhd Line: 14
    Info (12023): Found entity 1: Clock_Divider File: C:/Users/juane/Desktop/305FlappyBird/vhd and data/clock_divider.vhd Line: 5
Info (12021): Found 2 design units, including 1 entities, in source file /users/juane/desktop/305flappybird/vhd and data/bird_top_entity_12.vhd
    Info (12022): Found design unit 1: bird_top_entity_12-beh File: C:/Users/juane/Desktop/305FlappyBird/vhd and data/bird_top_entity_12.vhd Line: 19
    Info (12023): Found entity 1: bird_top_entity_12 File: C:/Users/juane/Desktop/305FlappyBird/vhd and data/bird_top_entity_12.vhd Line: 8
Info (12021): Found 2 design units, including 1 entities, in source file /users/juane/desktop/305flappybird/vhd and data/bird_sprite_rom_12.vhd
    Info (12022): Found design unit 1: bird_sprite_rom_12-SYN File: C:/Users/juane/Desktop/305FlappyBird/vhd and data/bird_sprite_rom_12.vhd Line: 17
    Info (12023): Found entity 1: bird_sprite_rom_12 File: C:/Users/juane/Desktop/305FlappyBird/vhd and data/bird_sprite_rom_12.vhd Line: 9
Info (12021): Found 2 design units, including 1 entities, in source file /users/juane/desktop/305flappybird/vhd and data/bird.vhd
    Info (12022): Found design unit 1: bird-rtl File: C:/Users/juane/Desktop/305FlappyBird/vhd and data/bird.vhd Line: 21
    Info (12023): Found entity 1: bird File: C:/Users/juane/Desktop/305FlappyBird/vhd and data/bird.vhd Line: 7
Info (12127): Elaborating entity "bird_top_entity_12" for the top level hierarchy
Warning (10873): Using initial value X (don't care) for net "LEDR[9..1]" at bird_top_entity_12.vhd(14) File: C:/Users/juane/Desktop/305FlappyBird/vhd and data/bird_top_entity_12.vhd Line: 14
Info (12128): Elaborating entity "Clock_Divider" for hierarchy "Clock_Divider:CLOCK_25mhz" File: C:/Users/juane/Desktop/305FlappyBird/vhd and data/bird_top_entity_12.vhd Line: 121
Info (12128): Elaborating entity "bird_sprite_rom_12" for hierarchy "bird_sprite_rom_12:s_rom" File: C:/Users/juane/Desktop/305FlappyBird/vhd and data/bird_top_entity_12.vhd Line: 129
Info (12128): Elaborating entity "altsyncram" for hierarchy "bird_sprite_rom_12:s_rom|altsyncram:altsyncram_component" File: C:/Users/juane/Desktop/305FlappyBird/vhd and data/bird_sprite_rom_12.vhd Line: 50
Info (12130): Elaborated megafunction instantiation "bird_sprite_rom_12:s_rom|altsyncram:altsyncram_component" File: C:/Users/juane/Desktop/305FlappyBird/vhd and data/bird_sprite_rom_12.vhd Line: 50
Info (12133): Instantiated megafunction "bird_sprite_rom_12:s_rom|altsyncram:altsyncram_component" with the following parameter: File: C:/Users/juane/Desktop/305FlappyBird/vhd and data/bird_sprite_rom_12.vhd Line: 50
    Info (12134): Parameter "address_aclr_a" = "NONE"
    Info (12134): Parameter "clock_enable_input_a" = "BYPASS"
    Info (12134): Parameter "clock_enable_output_a" = "BYPASS"
    Info (12134): Parameter "init_file" = "bird_data_v2.mif"
    Info (12134): Parameter "intended_device_family" = "Cyclone III"
    Info (12134): Parameter "lpm_hint" = "ENABLE_RUNTIME_MOD=NO"
    Info (12134): Parameter "lpm_type" = "altsyncram"
    Info (12134): Parameter "numwords_a" = "256"
    Info (12134): Parameter "operation_mode" = "ROM"
    Info (12134): Parameter "outdata_aclr_a" = "NONE"
    Info (12134): Parameter "outdata_reg_a" = "UNREGISTERED"
    Info (12134): Parameter "widthad_a" = "21"
    Info (12134): Parameter "width_a" = "16"
    Info (12134): Parameter "width_byteena_a" = "1"
Warning (287001): Assertion warning: Not using extra address lines in altsyncram megafunction design -- 256 memory words in side A specified but total number of address lines is 21 File: C:/Users/juane/Desktop/305FlappyBird/BirdSpriteQuartus/db/altsyncram_0pg1.tdf Line: 378
Info (12021): Found 1 design units, including 1 entities, in source file db/altsyncram_0pg1.tdf
    Info (12023): Found entity 1: altsyncram_0pg1 File: C:/Users/juane/Desktop/305FlappyBird/BirdSpriteQuartus/db/altsyncram_0pg1.tdf Line: 27
Info (12128): Elaborating entity "altsyncram_0pg1" for hierarchy "bird_sprite_rom_12:s_rom|altsyncram:altsyncram_component|altsyncram_0pg1:auto_generated" File: c:/intelfpga_lite/18.1/quartus/libraries/megafunctions/altsyncram.tdf Line: 791
Info (12128): Elaborating entity "bird" for hierarchy "bird:sprite" File: C:/Users/juane/Desktop/305FlappyBird/vhd and data/bird_top_entity_12.vhd Line: 138
Warning (10492): VHDL Process Statement warning at bird.vhd(52): signal "x_pos" is read inside the Process Statement but isn't in the Process Statement's sensitivity list File: C:/Users/juane/Desktop/305FlappyBird/vhd and data/bird.vhd Line: 52
Warning (10492): VHDL Process Statement warning at bird.vhd(53): signal "y_pos" is read inside the Process Statement but isn't in the Process Statement's sensitivity list File: C:/Users/juane/Desktop/305FlappyBird/vhd and data/bird.vhd Line: 53
Info (12128): Elaborating entity "background" for hierarchy "background:BG" File: C:/Users/juane/Desktop/305FlappyBird/vhd and data/bird_top_entity_12.vhd Line: 156
Info (12128): Elaborating entity "pipes" for hierarchy "pipes:MY_PIPES" File: C:/Users/juane/Desktop/305FlappyBird/vhd and data/bird_top_entity_12.vhd Line: 164
Info (12128): Elaborating entity "random_gen" for hierarchy "pipes:MY_PIPES|random_gen:RNG" File: C:/Users/juane/Desktop/305FlappyBird/vhd and data/pipes.vhd Line: 96
Info (12128): Elaborating entity "collision" for hierarchy "collision:COLLISION_DETECTOR" File: C:/Users/juane/Desktop/305FlappyBird/vhd and data/bird_top_entity_12.vhd Line: 177
Info (12128): Elaborating entity "display_controller" for hierarchy "display_controller:DISPLAY" File: C:/Users/juane/Desktop/305FlappyBird/vhd and data/bird_top_entity_12.vhd Line: 185
Info (12128): Elaborating entity "VGA_SYNC_12" for hierarchy "VGA_SYNC_12:VGA" File: C:/Users/juane/Desktop/305FlappyBird/vhd and data/bird_top_entity_12.vhd Line: 204
Warning (14284): Synthesized away the following node(s):
    Warning (14285): Synthesized away the following RAM node(s):
        Warning (14320): Synthesized away node "bird_sprite_rom_12:s_rom|altsyncram:altsyncram_component|altsyncram_0pg1:auto_generated|q_a[13]" File: C:/Users/juane/Desktop/305FlappyBird/BirdSpriteQuartus/db/altsyncram_0pg1.tdf Line: 307
        Warning (14320): Synthesized away node "bird_sprite_rom_12:s_rom|altsyncram:altsyncram_component|altsyncram_0pg1:auto_generated|q_a[14]" File: C:/Users/juane/Desktop/305FlappyBird/BirdSpriteQuartus/db/altsyncram_0pg1.tdf Line: 328
        Warning (14320): Synthesized away node "bird_sprite_rom_12:s_rom|altsyncram:altsyncram_component|altsyncram_0pg1:auto_generated|q_a[15]" File: C:/Users/juane/Desktop/305FlappyBird/BirdSpriteQuartus/db/altsyncram_0pg1.tdf Line: 349
Warning (13024): Output pins are stuck at VCC or GND
    Warning (13410): Pin "LEDR[1]" is stuck at GND File: C:/Users/juane/Desktop/305FlappyBird/vhd and data/bird_top_entity_12.vhd Line: 14
    Warning (13410): Pin "LEDR[2]" is stuck at GND File: C:/Users/juane/Desktop/305FlappyBird/vhd and data/bird_top_entity_12.vhd Line: 14
    Warning (13410): Pin "LEDR[3]" is stuck at GND File: C:/Users/juane/Desktop/305FlappyBird/vhd and data/bird_top_entity_12.vhd Line: 14
    Warning (13410): Pin "LEDR[4]" is stuck at GND File: C:/Users/juane/Desktop/305FlappyBird/vhd and data/bird_top_entity_12.vhd Line: 14
    Warning (13410): Pin "LEDR[5]" is stuck at GND File: C:/Users/juane/Desktop/305FlappyBird/vhd and data/bird_top_entity_12.vhd Line: 14
    Warning (13410): Pin "LEDR[6]" is stuck at GND File: C:/Users/juane/Desktop/305FlappyBird/vhd and data/bird_top_entity_12.vhd Line: 14
    Warning (13410): Pin "LEDR[7]" is stuck at GND File: C:/Users/juane/Desktop/305FlappyBird/vhd and data/bird_top_entity_12.vhd Line: 14
    Warning (13410): Pin "LEDR[8]" is stuck at GND File: C:/Users/juane/Desktop/305FlappyBird/vhd and data/bird_top_entity_12.vhd Line: 14
    Warning (13410): Pin "LEDR[9]" is stuck at GND File: C:/Users/juane/Desktop/305FlappyBird/vhd and data/bird_top_entity_12.vhd Line: 14
Info (286030): Timing-Driven Synthesis is running
Warning (20013): Ignored 24 assignments for entity "DE0_CV_Default" -- entity does not exist in design
    Warning (20014): Assignment for entity set_instance_assignment -name PARTITION_HIERARCHY root_partition -to | -entity DE0_CV_Default -section_id Top was ignored
    Warning (20014): Assignment for entity set_global_assignment -name PARTITION_NETLIST_TYPE SOURCE -entity DE0_CV_Default -section_id Top was ignored
    Warning (20014): Assignment for entity set_global_assignment -name PARTITION_FITTER_PRESERVATION_LEVEL PLACEMENT_AND_ROUTING -entity DE0_CV_Default -section_id Top was ignored
    Warning (20014): Assignment for entity set_global_assignment -name PARTITION_PRESERVE_HIGH_SPEED_TILES ON -entity DE0_CV_Default -section_id Top was ignored
    Warning (20014): Assignment for entity set_global_assignment -name PARTITION_IGNORE_SOURCE_FILE_CHANGES OFF -entity DE0_CV_Default -section_id Top was ignored
    Warning (20014): Assignment for entity set_global_assignment -name PARTITION_ALWAYS_USE_QXP_NETLIST OFF -entity DE0_CV_Default -section_id Top was ignored
    Warning (20014): Assignment for entity set_global_assignment -name PARTITION_COLOR 16764057 -entity DE0_CV_Default -section_id Top was ignored
    Warning (20014): Assignment for entity set_global_assignment -name PARTITION_IMPORT_ASSIGNMENTS ON -entity DE0_CV_Default -section_id Top was ignored
    Warning (20014): Assignment for entity set_global_assignment -name PARTITION_IMPORT_EXISTING_ASSIGNMENTS REPLACE_CONFLICTING -entity DE0_CV_Default -section_id Top was ignored
    Warning (20014): Assignment for entity set_global_assignment -name PARTITION_IMPORT_EXISTING_LOGICLOCK_REGIONS UPDATE_CONFLICTING -entity DE0_CV_Default -section_id Top was ignored
    Warning (20014): Assignment for entity set_global_assignment -name PARTITION_IMPORT_PIN_ASSIGNMENTS ON -entity DE0_CV_Default -section_id Top was ignored
    Warning (20014): Assignment for entity set_global_assignment -name PARTITION_IMPORT_PROMOTE_ASSIGNMENTS ON -entity DE0_CV_Default -section_id Top was ignored
    Warning (20014): Assignment for entity set_global_assignment -name PARTITION_TYPE STANDARD_PARTITION -entity DE0_CV_Default -section_id Top was ignored
    Warning (20014): Assignment for entity set_global_assignment -name ALLOW_MULTIPLE_PERSONAS OFF -entity DE0_CV_Default -section_id Top was ignored
    Warning (20014): Assignment for entity set_global_assignment -name PARTITION_ASD_REGION_ID 1 -entity DE0_CV_Default -section_id Top was ignored
    Warning (20014): Assignment for entity set_global_assignment -name CROSS_BOUNDARY_OPTIMIZATIONS OFF -entity DE0_CV_Default -section_id Top was ignored
    Warning (20014): Assignment for entity set_global_assignment -name PROPAGATE_CONSTANTS_ON_INPUTS ON -entity DE0_CV_Default -section_id Top was ignored
    Warning (20014): Assignment for entity set_global_assignment -name PROPAGATE_INVERSIONS_ON_INPUTS ON -entity DE0_CV_Default -section_id Top was ignored
    Warning (20014): Assignment for entity set_global_assignment -name REMOVE_LOGIC_ON_UNCONNECTED_OUTPUTS ON -entity DE0_CV_Default -section_id Top was ignored
    Warning (20014): Assignment for entity set_global_assignment -name MERGE_EQUIVALENT_INPUTS ON -entity DE0_CV_Default -section_id Top was ignored
    Warning (20014): Assignment for entity set_global_assignment -name MERGE_EQUIVALENT_BIDIRS ON -entity DE0_CV_Default -section_id Top was ignored
    Warning (20014): Assignment for entity set_global_assignment -name ABSORB_PATHS_FROM_OUTPUTS_TO_INPUTS ON -entity DE0_CV_Default -section_id Top was ignored
    Warning (20014): Assignment for entity set_global_assignment -name PARTITION_EXTRACT_HARD_BLOCK_NODES ON -entity DE0_CV_Default -section_id Top was ignored
    Warning (20014): Assignment for entity set_global_assignment -name PARTITION_ENABLE_STRICT_PRESERVATION OFF -entity DE0_CV_Default -section_id Top was ignored
Info (16010): Generating hard_block partition "hard_block:auto_generated_inst"
    Info (16011): Adding 0 node(s), including 0 DDIO, 0 PLL, 0 transceiver and 0 LCELL
Warning (21074): Design contains 10 input pin(s) that do not drive logic
    Warning (15610): No output dependent on input pin "SW[0]" File: C:/Users/juane/Desktop/305FlappyBird/vhd and data/bird_top_entity_12.vhd Line: 15
    Warning (15610): No output dependent on input pin "SW[1]" File: C:/Users/juane/Desktop/305FlappyBird/vhd and data/bird_top_entity_12.vhd Line: 15
    Warning (15610): No output dependent on input pin "SW[2]" File: C:/Users/juane/Desktop/305FlappyBird/vhd and data/bird_top_entity_12.vhd Line: 15
    Warning (15610): No output dependent on input pin "SW[3]" File: C:/Users/juane/Desktop/305FlappyBird/vhd and data/bird_top_entity_12.vhd Line: 15
    Warning (15610): No output dependent on input pin "SW[4]" File: C:/Users/juane/Desktop/305FlappyBird/vhd and data/bird_top_entity_12.vhd Line: 15
    Warning (15610): No output dependent on input pin "SW[5]" File: C:/Users/juane/Desktop/305FlappyBird/vhd and data/bird_top_entity_12.vhd Line: 15
    Warning (15610): No output dependent on input pin "SW[6]" File: C:/Users/juane/Desktop/305FlappyBird/vhd and data/bird_top_entity_12.vhd Line: 15
    Warning (15610): No output dependent on input pin "SW[7]" File: C:/Users/juane/Desktop/305FlappyBird/vhd and data/bird_top_entity_12.vhd Line: 15
    Warning (15610): No output dependent on input pin "SW[8]" File: C:/Users/juane/Desktop/305FlappyBird/vhd and data/bird_top_entity_12.vhd Line: 15
    Warning (15610): No output dependent on input pin "SW[9]" File: C:/Users/juane/Desktop/305FlappyBird/vhd and data/bird_top_entity_12.vhd Line: 15
Info (21057): Implemented 370 device resources after synthesis - the final resource count might be different
    Info (21058): Implemented 11 input pins
    Info (21059): Implemented 24 output pins
    Info (21061): Implemented 322 logic cells
    Info (21064): Implemented 13 RAM segments
Info: Quartus Prime Analysis & Synthesis was successful. 0 errors, 56 warnings
    Info: Peak virtual memory: 4954 megabytes
    Info: Processing ended: Wed May 08 21:53:45 2024
    Info: Elapsed time: 00:00:07
    Info: Total CPU time (on all processors): 00:00:03


