Analysis & Synthesis report for bird_top_entity
Tue May 07 19:03:14 2024
Quartus Prime Version 18.1.0 Build 625 09/12/2018 SJ Lite Edition


---------------------
; Table of Contents ;
---------------------
  1. Legal Notice
  2. Analysis & Synthesis Summary
  3. Analysis & Synthesis Settings
  4. Parallel Compilation
  5. Analysis & Synthesis Source Files Read
  6. Analysis & Synthesis Resource Usage Summary
  7. Analysis & Synthesis Resource Utilization by Entity
  8. Analysis & Synthesis RAM Summary
  9. User-Specified and Inferred Latches
 10. Registers Removed During Synthesis
 11. General Register Statistics
 12. Multiplexer Restructuring Statistics (Restructuring Performed)
 13. Source assignments for bird_sprite_rom:s_rom|altsyncram:altsyncram_component|altsyncram_rdg1:auto_generated
 14. Parameter Settings for User Entity Instance: bird_sprite_rom:s_rom|altsyncram:altsyncram_component
 15. altsyncram Parameter Settings by Entity Instance
 16. Port Connectivity Checks: "bird:c"
 17. Port Connectivity Checks: "Clock_Divider:CLOCK_25mhz"
 18. Post-Synthesis Netlist Statistics for Top Partition
 19. Elapsed Time Per Partition
 20. Analysis & Synthesis Messages



----------------
; Legal Notice ;
----------------
Copyright (C) 2018  Intel Corporation. All rights reserved.
Your use of Intel Corporation's design tools, logic functions 
and other software and tools, and its AMPP partner logic 
functions, and any output files from any of the foregoing 
(including device programming or simulation files), and any 
associated documentation or information are expressly subject 
to the terms and conditions of the Intel Program License 
Subscription Agreement, the Intel Quartus Prime License Agreement,
the Intel FPGA IP License Agreement, or other applicable license
agreement, including, without limitation, that your use is for
the sole purpose of programming logic devices manufactured by
Intel and sold by Intel or its authorized distributors.  Please
refer to the applicable agreement for further details.



+-------------------------------------------------------------------------------+
; Analysis & Synthesis Summary                                                  ;
+---------------------------------+---------------------------------------------+
; Analysis & Synthesis Status     ; Successful - Tue May 07 19:03:14 2024       ;
; Quartus Prime Version           ; 18.1.0 Build 625 09/12/2018 SJ Lite Edition ;
; Revision Name                   ; bird_top_entity                             ;
; Top-level Entity Name           ; bird_top_entity                             ;
; Family                          ; Cyclone V                                   ;
; Logic utilization (in ALMs)     ; N/A                                         ;
; Total registers                 ; 82                                          ;
; Total pins                      ; 26                                          ;
; Total virtual pins              ; 0                                           ;
; Total block memory bits         ; 768                                         ;
; Total DSP Blocks                ; 0                                           ;
; Total HSSI RX PCSs              ; 0                                           ;
; Total HSSI PMA RX Deserializers ; 0                                           ;
; Total HSSI TX PCSs              ; 0                                           ;
; Total HSSI PMA TX Serializers   ; 0                                           ;
; Total PLLs                      ; 0                                           ;
; Total DLLs                      ; 0                                           ;
+---------------------------------+---------------------------------------------+


+---------------------------------------------------------------------------------------------------------------------------+
; Analysis & Synthesis Settings                                                                                             ;
+---------------------------------------------------------------------------------+--------------------+--------------------+
; Option                                                                          ; Setting            ; Default Value      ;
+---------------------------------------------------------------------------------+--------------------+--------------------+
; Device                                                                          ; 5CEBA4F23C7        ;                    ;
; Top-level entity name                                                           ; bird_top_entity    ; bird_top_entity    ;
; Family name                                                                     ; Cyclone V          ; Cyclone V          ;
; Use smart compilation                                                           ; Off                ; Off                ;
; Enable parallel Assembler and Timing Analyzer during compilation                ; On                 ; On                 ;
; Enable compact report table                                                     ; Off                ; Off                ;
; Restructure Multiplexers                                                        ; Auto               ; Auto               ;
; MLAB Add Timing Constraints For Mixed-Port Feed-Through Mode Setting Don't Care ; Off                ; Off                ;
; Create Debugging Nodes for IP Cores                                             ; Off                ; Off                ;
; Preserve fewer node names                                                       ; On                 ; On                 ;
; Intel FPGA IP Evaluation Mode                                                   ; Enable             ; Enable             ;
; Verilog Version                                                                 ; Verilog_2001       ; Verilog_2001       ;
; VHDL Version                                                                    ; VHDL_1993          ; VHDL_1993          ;
; State Machine Processing                                                        ; Auto               ; Auto               ;
; Safe State Machine                                                              ; Off                ; Off                ;
; Extract Verilog State Machines                                                  ; On                 ; On                 ;
; Extract VHDL State Machines                                                     ; On                 ; On                 ;
; Ignore Verilog initial constructs                                               ; Off                ; Off                ;
; Iteration limit for constant Verilog loops                                      ; 5000               ; 5000               ;
; Iteration limit for non-constant Verilog loops                                  ; 250                ; 250                ;
; Add Pass-Through Logic to Inferred RAMs                                         ; On                 ; On                 ;
; Infer RAMs from Raw Logic                                                       ; On                 ; On                 ;
; Parallel Synthesis                                                              ; On                 ; On                 ;
; DSP Block Balancing                                                             ; Auto               ; Auto               ;
; NOT Gate Push-Back                                                              ; On                 ; On                 ;
; Power-Up Don't Care                                                             ; On                 ; On                 ;
; Remove Redundant Logic Cells                                                    ; Off                ; Off                ;
; Remove Duplicate Registers                                                      ; On                 ; On                 ;
; Ignore CARRY Buffers                                                            ; Off                ; Off                ;
; Ignore CASCADE Buffers                                                          ; Off                ; Off                ;
; Ignore GLOBAL Buffers                                                           ; Off                ; Off                ;
; Ignore ROW GLOBAL Buffers                                                       ; Off                ; Off                ;
; Ignore LCELL Buffers                                                            ; Off                ; Off                ;
; Ignore SOFT Buffers                                                             ; On                 ; On                 ;
; Limit AHDL Integers to 32 Bits                                                  ; Off                ; Off                ;
; Optimization Technique                                                          ; Balanced           ; Balanced           ;
; Carry Chain Length                                                              ; 70                 ; 70                 ;
; Auto Carry Chains                                                               ; On                 ; On                 ;
; Auto Open-Drain Pins                                                            ; On                 ; On                 ;
; Perform WYSIWYG Primitive Resynthesis                                           ; Off                ; Off                ;
; Auto ROM Replacement                                                            ; On                 ; On                 ;
; Auto RAM Replacement                                                            ; On                 ; On                 ;
; Auto DSP Block Replacement                                                      ; On                 ; On                 ;
; Auto Shift Register Replacement                                                 ; Auto               ; Auto               ;
; Allow Shift Register Merging across Hierarchies                                 ; Auto               ; Auto               ;
; Auto Clock Enable Replacement                                                   ; On                 ; On                 ;
; Strict RAM Replacement                                                          ; Off                ; Off                ;
; Allow Synchronous Control Signals                                               ; On                 ; On                 ;
; Force Use of Synchronous Clear Signals                                          ; Off                ; Off                ;
; Auto Resource Sharing                                                           ; Off                ; Off                ;
; Allow Any RAM Size For Recognition                                              ; Off                ; Off                ;
; Allow Any ROM Size For Recognition                                              ; Off                ; Off                ;
; Allow Any Shift Register Size For Recognition                                   ; Off                ; Off                ;
; Use LogicLock Constraints during Resource Balancing                             ; On                 ; On                 ;
; Ignore translate_off and synthesis_off directives                               ; Off                ; Off                ;
; Timing-Driven Synthesis                                                         ; On                 ; On                 ;
; Report Parameter Settings                                                       ; On                 ; On                 ;
; Report Source Assignments                                                       ; On                 ; On                 ;
; Report Connectivity Checks                                                      ; On                 ; On                 ;
; Ignore Maximum Fan-Out Assignments                                              ; Off                ; Off                ;
; Synchronization Register Chain Length                                           ; 3                  ; 3                  ;
; Power Optimization During Synthesis                                             ; Normal compilation ; Normal compilation ;
; HDL message level                                                               ; Level2             ; Level2             ;
; Suppress Register Optimization Related Messages                                 ; Off                ; Off                ;
; Number of Removed Registers Reported in Synthesis Report                        ; 5000               ; 5000               ;
; Number of Swept Nodes Reported in Synthesis Report                              ; 5000               ; 5000               ;
; Number of Inverted Registers Reported in Synthesis Report                       ; 100                ; 100                ;
; Clock MUX Protection                                                            ; On                 ; On                 ;
; Auto Gated Clock Conversion                                                     ; Off                ; Off                ;
; Block Design Naming                                                             ; Auto               ; Auto               ;
; SDC constraint protection                                                       ; Off                ; Off                ;
; Synthesis Effort                                                                ; Auto               ; Auto               ;
; Shift Register Replacement - Allow Asynchronous Clear Signal                    ; On                 ; On                 ;
; Pre-Mapping Resynthesis Optimization                                            ; Off                ; Off                ;
; Analysis & Synthesis Message Level                                              ; Medium             ; Medium             ;
; Disable Register Merging Across Hierarchies                                     ; Auto               ; Auto               ;
; Resource Aware Inference For Block RAM                                          ; On                 ; On                 ;
; Automatic Parallel Synthesis                                                    ; On                 ; On                 ;
; Partial Reconfiguration Bitstream ID                                            ; Off                ; Off                ;
+---------------------------------------------------------------------------------+--------------------+--------------------+


+------------------------------------------+
; Parallel Compilation                     ;
+----------------------------+-------------+
; Processors                 ; Number      ;
+----------------------------+-------------+
; Number detected on machine ; 20          ;
; Maximum allowed            ; 14          ;
;                            ;             ;
; Average used               ; 1.00        ;
; Maximum used               ; 14          ;
;                            ;             ;
; Usage by Processor         ; % Time Used ;
;     Processor 1            ; 100.0%      ;
;     Processors 2-14        ;   0.0%      ;
+----------------------------+-------------+


+--------------------------------------------------------------------------------------------------------------------------------------------------------------------------------+
; Analysis & Synthesis Source Files Read                                                                                                                                         ;
+----------------------------------+-----------------+----------------------------------+------------------------------------------------------------------------------+---------+
; File Name with User-Entered Path ; Used in Netlist ; File Type                        ; File Name with Absolute Path                                                 ; Library ;
+----------------------------------+-----------------+----------------------------------+------------------------------------------------------------------------------+---------+
; vga_sync.vhd                     ; yes             ; User VHDL File                   ; C:/Users/juane/Desktop/305 flappy bird/vga_sync.vhd                          ;         ;
; clock_divider.vhd                ; yes             ; User VHDL File                   ; C:/Users/juane/Desktop/305 flappy bird/clock_divider.vhd                     ;         ;
; bird_top_entity.vhd              ; yes             ; User VHDL File                   ; C:/Users/juane/Desktop/305 flappy bird/bird_top_entity.vhd                   ;         ;
; bird_sprite_rom.vhd              ; yes             ; User VHDL File                   ; C:/Users/juane/Desktop/305 flappy bird/bird_sprite_rom.vhd                   ;         ;
; bird_data.mif                    ; yes             ; User Memory Initialization File  ; C:/Users/juane/Desktop/305 flappy bird/bird_data.mif                         ;         ;
; bird.vhd                         ; yes             ; User VHDL File                   ; C:/Users/juane/Desktop/305 flappy bird/bird.vhd                              ;         ;
; altsyncram.tdf                   ; yes             ; Megafunction                     ; c:/intelfpga_lite/18.1/quartus/libraries/megafunctions/altsyncram.tdf        ;         ;
; stratix_ram_block.inc            ; yes             ; Megafunction                     ; c:/intelfpga_lite/18.1/quartus/libraries/megafunctions/stratix_ram_block.inc ;         ;
; lpm_mux.inc                      ; yes             ; Megafunction                     ; c:/intelfpga_lite/18.1/quartus/libraries/megafunctions/lpm_mux.inc           ;         ;
; lpm_decode.inc                   ; yes             ; Megafunction                     ; c:/intelfpga_lite/18.1/quartus/libraries/megafunctions/lpm_decode.inc        ;         ;
; aglobal181.inc                   ; yes             ; Megafunction                     ; c:/intelfpga_lite/18.1/quartus/libraries/megafunctions/aglobal181.inc        ;         ;
; a_rdenreg.inc                    ; yes             ; Megafunction                     ; c:/intelfpga_lite/18.1/quartus/libraries/megafunctions/a_rdenreg.inc         ;         ;
; altrom.inc                       ; yes             ; Megafunction                     ; c:/intelfpga_lite/18.1/quartus/libraries/megafunctions/altrom.inc            ;         ;
; altram.inc                       ; yes             ; Megafunction                     ; c:/intelfpga_lite/18.1/quartus/libraries/megafunctions/altram.inc            ;         ;
; altdpram.inc                     ; yes             ; Megafunction                     ; c:/intelfpga_lite/18.1/quartus/libraries/megafunctions/altdpram.inc          ;         ;
; db/altsyncram_rdg1.tdf           ; yes             ; Auto-Generated Megafunction      ; C:/Users/juane/Desktop/305 flappy bird/db/altsyncram_rdg1.tdf                ;         ;
+----------------------------------+-----------------+----------------------------------+------------------------------------------------------------------------------+---------+


+---------------------------------------------------------------------------------+
; Analysis & Synthesis Resource Usage Summary                                     ;
+---------------------------------------------+-----------------------------------+
; Resource                                    ; Usage                             ;
+---------------------------------------------+-----------------------------------+
; Estimate of Logic utilization (ALMs needed) ; 60                                ;
;                                             ;                                   ;
; Combinational ALUT usage for logic          ; 104                               ;
;     -- 7 input functions                    ; 1                                 ;
;     -- 6 input functions                    ; 11                                ;
;     -- 5 input functions                    ; 16                                ;
;     -- 4 input functions                    ; 6                                 ;
;     -- <=3 input functions                  ; 70                                ;
;                                             ;                                   ;
; Dedicated logic registers                   ; 82                                ;
;                                             ;                                   ;
; I/O pins                                    ; 26                                ;
; Total MLAB memory bits                      ; 0                                 ;
; Total block memory bits                     ; 768                               ;
;                                             ;                                   ;
; Total DSP Blocks                            ; 0                                 ;
;                                             ;                                   ;
; Maximum fan-out node                        ; Clock_Divider:CLOCK_25mhz|clk_out ;
; Maximum fan-out                             ; 51                                ;
; Total fan-out                               ; 640                               ;
; Average fan-out                             ; 2.66                              ;
+---------------------------------------------+-----------------------------------+


+---------------------------------------------------------------------------------------------------------------------------------------------------------------------------------------------------------------------------------------------------------------------------------------------+
; Analysis & Synthesis Resource Utilization by Entity                                                                                                                                                                                                                                         ;
+-------------------------------------------+---------------------+---------------------------+-------------------+------------+------+--------------+-------------------------------------------------------------------------------------------------------+-----------------+--------------+
; Compilation Hierarchy Node                ; Combinational ALUTs ; Dedicated Logic Registers ; Block Memory Bits ; DSP Blocks ; Pins ; Virtual Pins ; Full Hierarchy Name                                                                                   ; Entity Name     ; Library Name ;
+-------------------------------------------+---------------------+---------------------------+-------------------+------------+------+--------------+-------------------------------------------------------------------------------------------------------+-----------------+--------------+
; |bird_top_entity                          ; 104 (0)             ; 82 (0)                    ; 768               ; 0          ; 26   ; 0            ; |bird_top_entity                                                                                      ; bird_top_entity ; work         ;
;    |Clock_Divider:CLOCK_25mhz|            ; 43 (43)             ; 34 (34)                   ; 0                 ; 0          ; 0    ; 0            ; |bird_top_entity|Clock_Divider:CLOCK_25mhz                                                            ; Clock_Divider   ; work         ;
;    |VGA_SYNC:VGA|                         ; 40 (40)             ; 48 (48)                   ; 0                 ; 0          ; 0    ; 0            ; |bird_top_entity|VGA_SYNC:VGA                                                                         ; VGA_SYNC        ; work         ;
;    |bird:c|                               ; 21 (21)             ; 0 (0)                     ; 0                 ; 0          ; 0    ; 0            ; |bird_top_entity|bird:c                                                                               ; bird            ; work         ;
;    |bird_sprite_rom:s_rom|                ; 0 (0)               ; 0 (0)                     ; 768               ; 0          ; 0    ; 0            ; |bird_top_entity|bird_sprite_rom:s_rom                                                                ; bird_sprite_rom ; work         ;
;       |altsyncram:altsyncram_component|   ; 0 (0)               ; 0 (0)                     ; 768               ; 0          ; 0    ; 0            ; |bird_top_entity|bird_sprite_rom:s_rom|altsyncram:altsyncram_component                                ; altsyncram      ; work         ;
;          |altsyncram_rdg1:auto_generated| ; 0 (0)               ; 0 (0)                     ; 768               ; 0          ; 0    ; 0            ; |bird_top_entity|bird_sprite_rom:s_rom|altsyncram:altsyncram_component|altsyncram_rdg1:auto_generated ; altsyncram_rdg1 ; work         ;
+-------------------------------------------+---------------------+---------------------------+-------------------+------------+------+--------------+-------------------------------------------------------------------------------------------------------+-----------------+--------------+
Note: For table entries with two numbers listed, the numbers in parentheses indicate the number of resources of the given type used by the specific entity alone. The numbers listed outside of parentheses indicate the total resources of the given type used by the specific entity and all of its sub-entities in the hierarchy.


+--------------------------------------------------------------------------------------------------------------------------------------------------------------------------------------------------+
; Analysis & Synthesis RAM Summary                                                                                                                                                                 ;
+-------------------------------------------------------------------------------------------------+------+------+--------------+--------------+--------------+--------------+------+---------------+
; Name                                                                                            ; Type ; Mode ; Port A Depth ; Port A Width ; Port B Depth ; Port B Width ; Size ; MIF           ;
+-------------------------------------------------------------------------------------------------+------+------+--------------+--------------+--------------+--------------+------+---------------+
; bird_sprite_rom:s_rom|altsyncram:altsyncram_component|altsyncram_rdg1:auto_generated|ALTSYNCRAM ; AUTO ; ROM  ; 256          ; 4            ; --           ; --           ; 1024 ; bird_data.mif ;
+-------------------------------------------------------------------------------------------------+------+------+--------------+--------------+--------------+--------------+------+---------------+


+---------------------------------------------------------------------------------------------------+
; User-Specified and Inferred Latches                                                               ;
+----------------------------------------------------+---------------------+------------------------+
; Latch Name                                         ; Latch Enable Signal ; Free of Timing Hazards ;
+----------------------------------------------------+---------------------+------------------------+
; bird:c|\address:col_d[0]                           ; bird:c|sprite_on    ; yes                    ;
; bird:c|\address:col_d[1]                           ; bird:c|sprite_on    ; yes                    ;
; bird:c|\address:col_d[2]                           ; bird:c|sprite_on    ; yes                    ;
; bird:c|\address:col_d[3]                           ; bird:c|sprite_on    ; yes                    ;
; bird:c|\address:row_d[0]                           ; bird:c|sprite_on    ; yes                    ;
; bird:c|\address:row_d[1]                           ; bird:c|sprite_on    ; yes                    ;
; bird:c|\address:row_d[2]                           ; bird:c|sprite_on    ; yes                    ;
; bird:c|\address:row_d[3]                           ; bird:c|sprite_on    ; yes                    ;
; Number of user-specified and inferred latches = 8  ;                     ;                        ;
+----------------------------------------------------+---------------------+------------------------+
Note: All latches listed above may not be present at the end of synthesis due to various synthesis optimizations.


+--------------------------------------------------------------------------------+
; Registers Removed During Synthesis                                             ;
+---------------------------------------+----------------------------------------+
; Register name                         ; Reason for Removal                     ;
+---------------------------------------+----------------------------------------+
; VGA_SYNC:VGA|pixel_row[9]             ; Stuck at GND due to stuck port data_in ;
; Total Number of Removed Registers = 1 ;                                        ;
+---------------------------------------+----------------------------------------+


+------------------------------------------------------+
; General Register Statistics                          ;
+----------------------------------------------+-------+
; Statistic                                    ; Value ;
+----------------------------------------------+-------+
; Total registers                              ; 82    ;
; Number of registers using Synchronous Clear  ; 51    ;
; Number of registers using Synchronous Load   ; 0     ;
; Number of registers using Asynchronous Clear ; 0     ;
; Number of registers using Asynchronous Load  ; 0     ;
; Number of registers using Clock Enable       ; 29    ;
; Number of registers using Preset             ; 0     ;
+----------------------------------------------+-------+


+--------------------------------------------------------------------------------------------------------------------------------------------------------+
; Multiplexer Restructuring Statistics (Restructuring Performed)                                                                                         ;
+--------------------+-----------+---------------+----------------------+------------------------+------------+------------------------------------------+
; Multiplexer Inputs ; Bus Width ; Baseline Area ; Area if Restructured ; Saving if Restructured ; Registered ; Example Multiplexer Output               ;
+--------------------+-----------+---------------+----------------------+------------------------+------------+------------------------------------------+
; 3:1                ; 10 bits   ; 20 LEs        ; 0 LEs                ; 20 LEs                 ; Yes        ; |bird_top_entity|VGA_SYNC:VGA|v_count[9] ;
+--------------------+-----------+---------------+----------------------+------------------------+------------+------------------------------------------+


+-------------------------------------------------------------------------------------------------------------+
; Source assignments for bird_sprite_rom:s_rom|altsyncram:altsyncram_component|altsyncram_rdg1:auto_generated ;
+---------------------------------+--------------------+------+-----------------------------------------------+
; Assignment                      ; Value              ; From ; To                                            ;
+---------------------------------+--------------------+------+-----------------------------------------------+
; OPTIMIZE_POWER_DURING_SYNTHESIS ; NORMAL_COMPILATION ; -    ; -                                             ;
+---------------------------------+--------------------+------+-----------------------------------------------+


+----------------------------------------------------------------------------------------------------+
; Parameter Settings for User Entity Instance: bird_sprite_rom:s_rom|altsyncram:altsyncram_component ;
+------------------------------------+----------------------+----------------------------------------+
; Parameter Name                     ; Value                ; Type                                   ;
+------------------------------------+----------------------+----------------------------------------+
; BYTE_SIZE_BLOCK                    ; 8                    ; Untyped                                ;
; AUTO_CARRY_CHAINS                  ; ON                   ; AUTO_CARRY                             ;
; IGNORE_CARRY_BUFFERS               ; OFF                  ; IGNORE_CARRY                           ;
; AUTO_CASCADE_CHAINS                ; ON                   ; AUTO_CASCADE                           ;
; IGNORE_CASCADE_BUFFERS             ; OFF                  ; IGNORE_CASCADE                         ;
; WIDTH_BYTEENA                      ; 1                    ; Untyped                                ;
; OPERATION_MODE                     ; ROM                  ; Untyped                                ;
; WIDTH_A                            ; 4                    ; Signed Integer                         ;
; WIDTHAD_A                          ; 8                    ; Signed Integer                         ;
; NUMWORDS_A                         ; 256                  ; Signed Integer                         ;
; OUTDATA_REG_A                      ; UNREGISTERED         ; Untyped                                ;
; ADDRESS_ACLR_A                     ; NONE                 ; Untyped                                ;
; OUTDATA_ACLR_A                     ; NONE                 ; Untyped                                ;
; WRCONTROL_ACLR_A                   ; NONE                 ; Untyped                                ;
; INDATA_ACLR_A                      ; NONE                 ; Untyped                                ;
; BYTEENA_ACLR_A                     ; NONE                 ; Untyped                                ;
; WIDTH_B                            ; 1                    ; Untyped                                ;
; WIDTHAD_B                          ; 1                    ; Untyped                                ;
; NUMWORDS_B                         ; 1                    ; Untyped                                ;
; INDATA_REG_B                       ; CLOCK1               ; Untyped                                ;
; WRCONTROL_WRADDRESS_REG_B          ; CLOCK1               ; Untyped                                ;
; RDCONTROL_REG_B                    ; CLOCK1               ; Untyped                                ;
; ADDRESS_REG_B                      ; CLOCK1               ; Untyped                                ;
; OUTDATA_REG_B                      ; UNREGISTERED         ; Untyped                                ;
; BYTEENA_REG_B                      ; CLOCK1               ; Untyped                                ;
; INDATA_ACLR_B                      ; NONE                 ; Untyped                                ;
; WRCONTROL_ACLR_B                   ; NONE                 ; Untyped                                ;
; ADDRESS_ACLR_B                     ; NONE                 ; Untyped                                ;
; OUTDATA_ACLR_B                     ; NONE                 ; Untyped                                ;
; RDCONTROL_ACLR_B                   ; NONE                 ; Untyped                                ;
; BYTEENA_ACLR_B                     ; NONE                 ; Untyped                                ;
; WIDTH_BYTEENA_A                    ; 1                    ; Signed Integer                         ;
; WIDTH_BYTEENA_B                    ; 1                    ; Untyped                                ;
; RAM_BLOCK_TYPE                     ; AUTO                 ; Untyped                                ;
; BYTE_SIZE                          ; 8                    ; Untyped                                ;
; READ_DURING_WRITE_MODE_MIXED_PORTS ; DONT_CARE            ; Untyped                                ;
; READ_DURING_WRITE_MODE_PORT_A      ; NEW_DATA_NO_NBE_READ ; Untyped                                ;
; READ_DURING_WRITE_MODE_PORT_B      ; NEW_DATA_NO_NBE_READ ; Untyped                                ;
; INIT_FILE                          ; bird_data.mif        ; Untyped                                ;
; INIT_FILE_LAYOUT                   ; PORT_A               ; Untyped                                ;
; MAXIMUM_DEPTH                      ; 0                    ; Untyped                                ;
; CLOCK_ENABLE_INPUT_A               ; BYPASS               ; Untyped                                ;
; CLOCK_ENABLE_INPUT_B               ; NORMAL               ; Untyped                                ;
; CLOCK_ENABLE_OUTPUT_A              ; BYPASS               ; Untyped                                ;
; CLOCK_ENABLE_OUTPUT_B              ; NORMAL               ; Untyped                                ;
; CLOCK_ENABLE_CORE_A                ; USE_INPUT_CLKEN      ; Untyped                                ;
; CLOCK_ENABLE_CORE_B                ; USE_INPUT_CLKEN      ; Untyped                                ;
; ENABLE_ECC                         ; FALSE                ; Untyped                                ;
; ECC_PIPELINE_STAGE_ENABLED         ; FALSE                ; Untyped                                ;
; WIDTH_ECCSTATUS                    ; 3                    ; Untyped                                ;
; DEVICE_FAMILY                      ; Cyclone V            ; Untyped                                ;
; CBXI_PARAMETER                     ; altsyncram_rdg1      ; Untyped                                ;
+------------------------------------+----------------------+----------------------------------------+
Note: In order to hide this table in the UI and the text report file, please set the "Show Parameter Settings in Synthesis Report" option in "Analysis and Synthesis Settings -> More Settings" to "Off".


+---------------------------------------------------------------------------------------------------+
; altsyncram Parameter Settings by Entity Instance                                                  ;
+-------------------------------------------+-------------------------------------------------------+
; Name                                      ; Value                                                 ;
+-------------------------------------------+-------------------------------------------------------+
; Number of entity instances                ; 1                                                     ;
; Entity Instance                           ; bird_sprite_rom:s_rom|altsyncram:altsyncram_component ;
;     -- OPERATION_MODE                     ; ROM                                                   ;
;     -- WIDTH_A                            ; 4                                                     ;
;     -- NUMWORDS_A                         ; 256                                                   ;
;     -- OUTDATA_REG_A                      ; UNREGISTERED                                          ;
;     -- WIDTH_B                            ; 1                                                     ;
;     -- NUMWORDS_B                         ; 1                                                     ;
;     -- ADDRESS_REG_B                      ; CLOCK1                                                ;
;     -- OUTDATA_REG_B                      ; UNREGISTERED                                          ;
;     -- RAM_BLOCK_TYPE                     ; AUTO                                                  ;
;     -- READ_DURING_WRITE_MODE_MIXED_PORTS ; DONT_CARE                                             ;
+-------------------------------------------+-------------------------------------------------------+


+------------------------------------------------------------------------------------------------------------------------+
; Port Connectivity Checks: "bird:c"                                                                                     ;
+--------------+--------+----------+-------------------------------------------------------------------------------------+
; Port         ; Type   ; Severity ; Details                                                                             ;
+--------------+--------+----------+-------------------------------------------------------------------------------------+
; rom_addr_out ; Output ; Info     ; Connected to dangling logic. Logic that only feeds a dangling port will be removed. ;
; x_pos[5..0]  ; Input  ; Info     ; Stuck at VCC                                                                        ;
; x_pos[7..6]  ; Input  ; Info     ; Stuck at GND                                                                        ;
; x_pos[9]     ; Input  ; Info     ; Stuck at GND                                                                        ;
; x_pos[8]     ; Input  ; Info     ; Stuck at VCC                                                                        ;
; y_pos[7..5]  ; Input  ; Info     ; Stuck at VCC                                                                        ;
; y_pos[3..0]  ; Input  ; Info     ; Stuck at VCC                                                                        ;
; y_pos[9..8]  ; Input  ; Info     ; Stuck at GND                                                                        ;
; y_pos[4]     ; Input  ; Info     ; Stuck at GND                                                                        ;
+--------------+--------+----------+-------------------------------------------------------------------------------------+


+-------------------------------------------------------+
; Port Connectivity Checks: "Clock_Divider:CLOCK_25mhz" ;
+----------------+-------+----------+-------------------+
; Port           ; Type  ; Severity ; Details           ;
+----------------+-------+----------+-------------------+
; divider[31..1] ; Input ; Info     ; Stuck at GND      ;
; divider[0]     ; Input ; Info     ; Stuck at VCC      ;
+----------------+-------+----------+-------------------+


+-----------------------------------------------------+
; Post-Synthesis Netlist Statistics for Top Partition ;
+-----------------------+-----------------------------+
; Type                  ; Count                       ;
+-----------------------+-----------------------------+
; arriav_ff             ; 82                          ;
;     ENA               ; 19                          ;
;     ENA SCLR          ; 10                          ;
;     SCLR              ; 41                          ;
;     plain             ; 12                          ;
; arriav_lcell_comb     ; 104                         ;
;     arith             ; 52                          ;
;         1 data inputs ; 52                          ;
;     extend            ; 1                           ;
;         7 data inputs ; 1                           ;
;     normal            ; 51                          ;
;         2 data inputs ; 4                           ;
;         3 data inputs ; 14                          ;
;         4 data inputs ; 6                           ;
;         5 data inputs ; 16                          ;
;         6 data inputs ; 11                          ;
; boundary_port         ; 26                          ;
; stratixv_ram_block    ; 3                           ;
;                       ;                             ;
; Max LUT depth         ; 6.60                        ;
; Average LUT depth     ; 3.50                        ;
+-----------------------+-----------------------------+


+-------------------------------+
; Elapsed Time Per Partition    ;
+----------------+--------------+
; Partition Name ; Elapsed Time ;
+----------------+--------------+
; Top            ; 00:00:00     ;
+----------------+--------------+


+-------------------------------+
; Analysis & Synthesis Messages ;
+-------------------------------+
Info: *******************************************************************
Info: Running Quartus Prime Analysis & Synthesis
    Info: Version 18.1.0 Build 625 09/12/2018 SJ Lite Edition
    Info: Processing started: Tue May 07 19:03:08 2024
Info: Command: quartus_map --read_settings_files=on --write_settings_files=off bird_top_entity -c bird_top_entity
Warning (18236): Number of processors has not been specified which may cause overloading on shared machines.  Set the global assignment NUM_PARALLEL_PROCESSORS in your QSF to an appropriate value for best performance.
Info (20030): Parallel compilation is enabled and will use 14 of the 14 processors detected
Info (12021): Found 2 design units, including 1 entities, in source file vga_sync.vhd
    Info (12022): Found design unit 1: VGA_SYNC-a File: C:/Users/juane/Desktop/305 flappy bird/vga_sync.vhd Line: 15
    Info (12023): Found entity 1: VGA_SYNC File: C:/Users/juane/Desktop/305 flappy bird/vga_sync.vhd Line: 7
Info (12021): Found 2 design units, including 1 entities, in source file clock_divider.vhd
    Info (12022): Found design unit 1: Clock_Divider-arch File: C:/Users/juane/Desktop/305 flappy bird/clock_divider.vhd Line: 14
    Info (12023): Found entity 1: Clock_Divider File: C:/Users/juane/Desktop/305 flappy bird/clock_divider.vhd Line: 5
Info (12021): Found 2 design units, including 1 entities, in source file bird_top_entity.vhd
    Info (12022): Found design unit 1: bird_top_entity-beh File: C:/Users/juane/Desktop/305 flappy bird/bird_top_entity.vhd Line: 18
    Info (12023): Found entity 1: bird_top_entity File: C:/Users/juane/Desktop/305 flappy bird/bird_top_entity.vhd Line: 8
Info (12021): Found 2 design units, including 1 entities, in source file bird_sprite_rom.vhd
    Info (12022): Found design unit 1: bird_sprite_rom-SYN File: C:/Users/juane/Desktop/305 flappy bird/bird_sprite_rom.vhd Line: 17
    Info (12023): Found entity 1: bird_sprite_rom File: C:/Users/juane/Desktop/305 flappy bird/bird_sprite_rom.vhd Line: 9
Info (12021): Found 2 design units, including 1 entities, in source file bird.vhd
    Info (12022): Found design unit 1: bird-rtl File: C:/Users/juane/Desktop/305 flappy bird/bird.vhd Line: 21
    Info (12023): Found entity 1: bird File: C:/Users/juane/Desktop/305 flappy bird/bird.vhd Line: 7
Info (12127): Elaborating entity "bird_top_entity" for the top level hierarchy
Warning (10036): Verilog HDL or VHDL warning at bird_top_entity.vhd(66): object "rom_addr" assigned a value but never read File: C:/Users/juane/Desktop/305 flappy bird/bird_top_entity.vhd Line: 66
Info (12128): Elaborating entity "Clock_Divider" for hierarchy "Clock_Divider:CLOCK_25mhz" File: C:/Users/juane/Desktop/305 flappy bird/bird_top_entity.vhd Line: 69
Info (12128): Elaborating entity "bird_sprite_rom" for hierarchy "bird_sprite_rom:s_rom" File: C:/Users/juane/Desktop/305 flappy bird/bird_top_entity.vhd Line: 77
Info (12128): Elaborating entity "altsyncram" for hierarchy "bird_sprite_rom:s_rom|altsyncram:altsyncram_component" File: C:/Users/juane/Desktop/305 flappy bird/bird_sprite_rom.vhd Line: 50
Info (12130): Elaborated megafunction instantiation "bird_sprite_rom:s_rom|altsyncram:altsyncram_component" File: C:/Users/juane/Desktop/305 flappy bird/bird_sprite_rom.vhd Line: 50
Info (12133): Instantiated megafunction "bird_sprite_rom:s_rom|altsyncram:altsyncram_component" with the following parameter: File: C:/Users/juane/Desktop/305 flappy bird/bird_sprite_rom.vhd Line: 50
    Info (12134): Parameter "address_aclr_a" = "NONE"
    Info (12134): Parameter "clock_enable_input_a" = "BYPASS"
    Info (12134): Parameter "clock_enable_output_a" = "BYPASS"
    Info (12134): Parameter "init_file" = "bird_data.mif"
    Info (12134): Parameter "intended_device_family" = "Cyclone III"
    Info (12134): Parameter "lpm_hint" = "ENABLE_RUNTIME_MOD=NO"
    Info (12134): Parameter "lpm_type" = "altsyncram"
    Info (12134): Parameter "numwords_a" = "256"
    Info (12134): Parameter "operation_mode" = "ROM"
    Info (12134): Parameter "outdata_aclr_a" = "NONE"
    Info (12134): Parameter "outdata_reg_a" = "UNREGISTERED"
    Info (12134): Parameter "widthad_a" = "8"
    Info (12134): Parameter "width_a" = "4"
    Info (12134): Parameter "width_byteena_a" = "1"
Info (12021): Found 1 design units, including 1 entities, in source file db/altsyncram_rdg1.tdf
    Info (12023): Found entity 1: altsyncram_rdg1 File: C:/Users/juane/Desktop/305 flappy bird/db/altsyncram_rdg1.tdf Line: 27
Info (12128): Elaborating entity "altsyncram_rdg1" for hierarchy "bird_sprite_rom:s_rom|altsyncram:altsyncram_component|altsyncram_rdg1:auto_generated" File: c:/intelfpga_lite/18.1/quartus/libraries/megafunctions/altsyncram.tdf Line: 791
Info (12128): Elaborating entity "bird" for hierarchy "bird:c" File: C:/Users/juane/Desktop/305 flappy bird/bird_top_entity.vhd Line: 86
Warning (10541): VHDL Signal Declaration warning at bird.vhd(14): used implicit default value for signal "rom_addr_out" because signal was never assigned a value or an explicit default value. Use of implicit default value may introduce unintended design optimizations. File: C:/Users/juane/Desktop/305 flappy bird/bird.vhd Line: 14
Warning (10492): VHDL Process Statement warning at bird.vhd(46): signal "x_pos" is read inside the Process Statement but isn't in the Process Statement's sensitivity list File: C:/Users/juane/Desktop/305 flappy bird/bird.vhd Line: 46
Warning (10492): VHDL Process Statement warning at bird.vhd(47): signal "y_pos" is read inside the Process Statement but isn't in the Process Statement's sensitivity list File: C:/Users/juane/Desktop/305 flappy bird/bird.vhd Line: 47
Warning (10631): VHDL Process Statement warning at bird.vhd(39): inferring latch(es) for signal or variable "col_d", which holds its previous value in one or more paths through the process File: C:/Users/juane/Desktop/305 flappy bird/bird.vhd Line: 39
Warning (10631): VHDL Process Statement warning at bird.vhd(39): inferring latch(es) for signal or variable "row_d", which holds its previous value in one or more paths through the process File: C:/Users/juane/Desktop/305 flappy bird/bird.vhd Line: 39
Info (10041): Inferred latch for "address:row_d[0]" at bird.vhd(45) File: C:/Users/juane/Desktop/305 flappy bird/bird.vhd Line: 45
Info (10041): Inferred latch for "address:row_d[1]" at bird.vhd(45) File: C:/Users/juane/Desktop/305 flappy bird/bird.vhd Line: 45
Info (10041): Inferred latch for "address:row_d[2]" at bird.vhd(45) File: C:/Users/juane/Desktop/305 flappy bird/bird.vhd Line: 45
Info (10041): Inferred latch for "address:row_d[3]" at bird.vhd(45) File: C:/Users/juane/Desktop/305 flappy bird/bird.vhd Line: 45
Info (10041): Inferred latch for "address:col_d[0]" at bird.vhd(45) File: C:/Users/juane/Desktop/305 flappy bird/bird.vhd Line: 45
Info (10041): Inferred latch for "address:col_d[1]" at bird.vhd(45) File: C:/Users/juane/Desktop/305 flappy bird/bird.vhd Line: 45
Info (10041): Inferred latch for "address:col_d[2]" at bird.vhd(45) File: C:/Users/juane/Desktop/305 flappy bird/bird.vhd Line: 45
Info (10041): Inferred latch for "address:col_d[3]" at bird.vhd(45) File: C:/Users/juane/Desktop/305 flappy bird/bird.vhd Line: 45
Info (12128): Elaborating entity "VGA_SYNC" for hierarchy "VGA_SYNC:VGA" File: C:/Users/juane/Desktop/305 flappy bird/bird_top_entity.vhd Line: 104
Warning (14284): Synthesized away the following node(s):
    Warning (14285): Synthesized away the following RAM node(s):
        Warning (14320): Synthesized away node "bird_sprite_rom:s_rom|altsyncram:altsyncram_component|altsyncram_rdg1:auto_generated|q_a[0]" File: C:/Users/juane/Desktop/305 flappy bird/db/altsyncram_rdg1.tdf Line: 34
Warning (13012): Latch bird:c|\address:col_d[0] has unsafe behavior
    Warning (13013): Ports D and ENA on the latch are fed by the same signal VGA_SYNC:VGA|pixel_column[0] File: C:/Users/juane/Desktop/305 flappy bird/vga_sync.vhd Line: 88
Warning (13012): Latch bird:c|\address:col_d[1] has unsafe behavior
    Warning (13013): Ports D and ENA on the latch are fed by the same signal VGA_SYNC:VGA|pixel_column[2] File: C:/Users/juane/Desktop/305 flappy bird/vga_sync.vhd Line: 88
Warning (13012): Latch bird:c|\address:col_d[2] has unsafe behavior
    Warning (13013): Ports D and ENA on the latch are fed by the same signal VGA_SYNC:VGA|pixel_column[3] File: C:/Users/juane/Desktop/305 flappy bird/vga_sync.vhd Line: 88
Warning (13012): Latch bird:c|\address:col_d[3] has unsafe behavior
    Warning (13013): Ports D and ENA on the latch are fed by the same signal VGA_SYNC:VGA|pixel_column[4] File: C:/Users/juane/Desktop/305 flappy bird/vga_sync.vhd Line: 88
Warning (13012): Latch bird:c|\address:row_d[0] has unsafe behavior
    Warning (13013): Ports D and ENA on the latch are fed by the same signal VGA_SYNC:VGA|pixel_row[1] File: C:/Users/juane/Desktop/305 flappy bird/vga_sync.vhd Line: 88
Warning (13012): Latch bird:c|\address:row_d[1] has unsafe behavior
    Warning (13013): Ports D and ENA on the latch are fed by the same signal VGA_SYNC:VGA|pixel_row[2] File: C:/Users/juane/Desktop/305 flappy bird/vga_sync.vhd Line: 88
Warning (13012): Latch bird:c|\address:row_d[2] has unsafe behavior
    Warning (13013): Ports D and ENA on the latch are fed by the same signal VGA_SYNC:VGA|pixel_row[3] File: C:/Users/juane/Desktop/305 flappy bird/vga_sync.vhd Line: 88
Warning (13012): Latch bird:c|\address:row_d[3] has unsafe behavior
    Warning (13013): Ports D and ENA on the latch are fed by the same signal VGA_SYNC:VGA|pixel_row[4] File: C:/Users/juane/Desktop/305 flappy bird/vga_sync.vhd Line: 88
Info (286030): Timing-Driven Synthesis is running
Warning (20013): Ignored 24 assignments for entity "DE0_CV_Default" -- entity does not exist in design
    Warning (20014): Assignment for entity set_instance_assignment -name PARTITION_HIERARCHY root_partition -to | -entity DE0_CV_Default -section_id Top was ignored
    Warning (20014): Assignment for entity set_global_assignment -name PARTITION_NETLIST_TYPE SOURCE -entity DE0_CV_Default -section_id Top was ignored
    Warning (20014): Assignment for entity set_global_assignment -name PARTITION_FITTER_PRESERVATION_LEVEL PLACEMENT_AND_ROUTING -entity DE0_CV_Default -section_id Top was ignored
    Warning (20014): Assignment for entity set_global_assignment -name PARTITION_PRESERVE_HIGH_SPEED_TILES ON -entity DE0_CV_Default -section_id Top was ignored
    Warning (20014): Assignment for entity set_global_assignment -name PARTITION_IGNORE_SOURCE_FILE_CHANGES OFF -entity DE0_CV_Default -section_id Top was ignored
    Warning (20014): Assignment for entity set_global_assignment -name PARTITION_ALWAYS_USE_QXP_NETLIST OFF -entity DE0_CV_Default -section_id Top was ignored
    Warning (20014): Assignment for entity set_global_assignment -name PARTITION_COLOR 16764057 -entity DE0_CV_Default -section_id Top was ignored
    Warning (20014): Assignment for entity set_global_assignment -name PARTITION_IMPORT_ASSIGNMENTS ON -entity DE0_CV_Default -section_id Top was ignored
    Warning (20014): Assignment for entity set_global_assignment -name PARTITION_IMPORT_EXISTING_ASSIGNMENTS REPLACE_CONFLICTING -entity DE0_CV_Default -section_id Top was ignored
    Warning (20014): Assignment for entity set_global_assignment -name PARTITION_IMPORT_EXISTING_LOGICLOCK_REGIONS UPDATE_CONFLICTING -entity DE0_CV_Default -section_id Top was ignored
    Warning (20014): Assignment for entity set_global_assignment -name PARTITION_IMPORT_PIN_ASSIGNMENTS ON -entity DE0_CV_Default -section_id Top was ignored
    Warning (20014): Assignment for entity set_global_assignment -name PARTITION_IMPORT_PROMOTE_ASSIGNMENTS ON -entity DE0_CV_Default -section_id Top was ignored
    Warning (20014): Assignment for entity set_global_assignment -name PARTITION_TYPE STANDARD_PARTITION -entity DE0_CV_Default -section_id Top was ignored
    Warning (20014): Assignment for entity set_global_assignment -name ALLOW_MULTIPLE_PERSONAS OFF -entity DE0_CV_Default -section_id Top was ignored
    Warning (20014): Assignment for entity set_global_assignment -name PARTITION_ASD_REGION_ID 1 -entity DE0_CV_Default -section_id Top was ignored
    Warning (20014): Assignment for entity set_global_assignment -name CROSS_BOUNDARY_OPTIMIZATIONS OFF -entity DE0_CV_Default -section_id Top was ignored
    Warning (20014): Assignment for entity set_global_assignment -name PROPAGATE_CONSTANTS_ON_INPUTS ON -entity DE0_CV_Default -section_id Top was ignored
    Warning (20014): Assignment for entity set_global_assignment -name PROPAGATE_INVERSIONS_ON_INPUTS ON -entity DE0_CV_Default -section_id Top was ignored
    Warning (20014): Assignment for entity set_global_assignment -name REMOVE_LOGIC_ON_UNCONNECTED_OUTPUTS ON -entity DE0_CV_Default -section_id Top was ignored
    Warning (20014): Assignment for entity set_global_assignment -name MERGE_EQUIVALENT_INPUTS ON -entity DE0_CV_Default -section_id Top was ignored
    Warning (20014): Assignment for entity set_global_assignment -name MERGE_EQUIVALENT_BIDIRS ON -entity DE0_CV_Default -section_id Top was ignored
    Warning (20014): Assignment for entity set_global_assignment -name ABSORB_PATHS_FROM_OUTPUTS_TO_INPUTS ON -entity DE0_CV_Default -section_id Top was ignored
    Warning (20014): Assignment for entity set_global_assignment -name PARTITION_EXTRACT_HARD_BLOCK_NODES ON -entity DE0_CV_Default -section_id Top was ignored
    Warning (20014): Assignment for entity set_global_assignment -name PARTITION_ENABLE_STRICT_PRESERVATION OFF -entity DE0_CV_Default -section_id Top was ignored
Warning (20013): Ignored 24 assignments for entity "ball_disp" -- entity does not exist in design
    Warning (20014): Assignment for entity set_instance_assignment -name PARTITION_HIERARCHY root_partition -to | -entity ball_disp -section_id Top was ignored
    Warning (20014): Assignment for entity set_global_assignment -name PARTITION_NETLIST_TYPE SOURCE -entity ball_disp -section_id Top was ignored
    Warning (20014): Assignment for entity set_global_assignment -name PARTITION_FITTER_PRESERVATION_LEVEL PLACEMENT_AND_ROUTING -entity ball_disp -section_id Top was ignored
    Warning (20014): Assignment for entity set_global_assignment -name PARTITION_PRESERVE_HIGH_SPEED_TILES ON -entity ball_disp -section_id Top was ignored
    Warning (20014): Assignment for entity set_global_assignment -name PARTITION_IGNORE_SOURCE_FILE_CHANGES OFF -entity ball_disp -section_id Top was ignored
    Warning (20014): Assignment for entity set_global_assignment -name PARTITION_ALWAYS_USE_QXP_NETLIST OFF -entity ball_disp -section_id Top was ignored
    Warning (20014): Assignment for entity set_global_assignment -name PARTITION_COLOR 16764057 -entity ball_disp -section_id Top was ignored
    Warning (20014): Assignment for entity set_global_assignment -name PARTITION_IMPORT_ASSIGNMENTS ON -entity ball_disp -section_id Top was ignored
    Warning (20014): Assignment for entity set_global_assignment -name PARTITION_IMPORT_EXISTING_ASSIGNMENTS REPLACE_CONFLICTING -entity ball_disp -section_id Top was ignored
    Warning (20014): Assignment for entity set_global_assignment -name PARTITION_IMPORT_EXISTING_LOGICLOCK_REGIONS UPDATE_CONFLICTING -entity ball_disp -section_id Top was ignored
    Warning (20014): Assignment for entity set_global_assignment -name PARTITION_IMPORT_PIN_ASSIGNMENTS ON -entity ball_disp -section_id Top was ignored
    Warning (20014): Assignment for entity set_global_assignment -name PARTITION_IMPORT_PROMOTE_ASSIGNMENTS ON -entity ball_disp -section_id Top was ignored
    Warning (20014): Assignment for entity set_global_assignment -name PARTITION_TYPE STANDARD_PARTITION -entity ball_disp -section_id Top was ignored
    Warning (20014): Assignment for entity set_global_assignment -name ALLOW_MULTIPLE_PERSONAS OFF -entity ball_disp -section_id Top was ignored
    Warning (20014): Assignment for entity set_global_assignment -name PARTITION_ASD_REGION_ID 1 -entity ball_disp -section_id Top was ignored
    Warning (20014): Assignment for entity set_global_assignment -name CROSS_BOUNDARY_OPTIMIZATIONS OFF -entity ball_disp -section_id Top was ignored
    Warning (20014): Assignment for entity set_global_assignment -name PROPAGATE_CONSTANTS_ON_INPUTS ON -entity ball_disp -section_id Top was ignored
    Warning (20014): Assignment for entity set_global_assignment -name PROPAGATE_INVERSIONS_ON_INPUTS ON -entity ball_disp -section_id Top was ignored
    Warning (20014): Assignment for entity set_global_assignment -name REMOVE_LOGIC_ON_UNCONNECTED_OUTPUTS ON -entity ball_disp -section_id Top was ignored
    Warning (20014): Assignment for entity set_global_assignment -name MERGE_EQUIVALENT_INPUTS ON -entity ball_disp -section_id Top was ignored
    Warning (20014): Assignment for entity set_global_assignment -name MERGE_EQUIVALENT_BIDIRS ON -entity ball_disp -section_id Top was ignored
    Warning (20014): Assignment for entity set_global_assignment -name ABSORB_PATHS_FROM_OUTPUTS_TO_INPUTS ON -entity ball_disp -section_id Top was ignored
    Warning (20014): Assignment for entity set_global_assignment -name PARTITION_EXTRACT_HARD_BLOCK_NODES ON -entity ball_disp -section_id Top was ignored
    Warning (20014): Assignment for entity set_global_assignment -name PARTITION_ENABLE_STRICT_PRESERVATION OFF -entity ball_disp -section_id Top was ignored
Warning (20013): Ignored 24 assignments for entity "char_top" -- entity does not exist in design
    Warning (20014): Assignment for entity set_instance_assignment -name PARTITION_HIERARCHY root_partition -to | -entity char_top -section_id Top was ignored
    Warning (20014): Assignment for entity set_global_assignment -name PARTITION_NETLIST_TYPE SOURCE -entity char_top -section_id Top was ignored
    Warning (20014): Assignment for entity set_global_assignment -name PARTITION_FITTER_PRESERVATION_LEVEL PLACEMENT_AND_ROUTING -entity char_top -section_id Top was ignored
    Warning (20014): Assignment for entity set_global_assignment -name PARTITION_PRESERVE_HIGH_SPEED_TILES ON -entity char_top -section_id Top was ignored
    Warning (20014): Assignment for entity set_global_assignment -name PARTITION_IGNORE_SOURCE_FILE_CHANGES OFF -entity char_top -section_id Top was ignored
    Warning (20014): Assignment for entity set_global_assignment -name PARTITION_ALWAYS_USE_QXP_NETLIST OFF -entity char_top -section_id Top was ignored
    Warning (20014): Assignment for entity set_global_assignment -name PARTITION_COLOR 16764057 -entity char_top -section_id Top was ignored
    Warning (20014): Assignment for entity set_global_assignment -name PARTITION_IMPORT_ASSIGNMENTS ON -entity char_top -section_id Top was ignored
    Warning (20014): Assignment for entity set_global_assignment -name PARTITION_IMPORT_EXISTING_ASSIGNMENTS REPLACE_CONFLICTING -entity char_top -section_id Top was ignored
    Warning (20014): Assignment for entity set_global_assignment -name PARTITION_IMPORT_EXISTING_LOGICLOCK_REGIONS UPDATE_CONFLICTING -entity char_top -section_id Top was ignored
    Warning (20014): Assignment for entity set_global_assignment -name PARTITION_IMPORT_PIN_ASSIGNMENTS ON -entity char_top -section_id Top was ignored
    Warning (20014): Assignment for entity set_global_assignment -name PARTITION_IMPORT_PROMOTE_ASSIGNMENTS ON -entity char_top -section_id Top was ignored
    Warning (20014): Assignment for entity set_global_assignment -name PARTITION_TYPE STANDARD_PARTITION -entity char_top -section_id Top was ignored
    Warning (20014): Assignment for entity set_global_assignment -name ALLOW_MULTIPLE_PERSONAS OFF -entity char_top -section_id Top was ignored
    Warning (20014): Assignment for entity set_global_assignment -name PARTITION_ASD_REGION_ID 1 -entity char_top -section_id Top was ignored
    Warning (20014): Assignment for entity set_global_assignment -name CROSS_BOUNDARY_OPTIMIZATIONS OFF -entity char_top -section_id Top was ignored
    Warning (20014): Assignment for entity set_global_assignment -name PROPAGATE_CONSTANTS_ON_INPUTS ON -entity char_top -section_id Top was ignored
    Warning (20014): Assignment for entity set_global_assignment -name PROPAGATE_INVERSIONS_ON_INPUTS ON -entity char_top -section_id Top was ignored
    Warning (20014): Assignment for entity set_global_assignment -name REMOVE_LOGIC_ON_UNCONNECTED_OUTPUTS ON -entity char_top -section_id Top was ignored
    Warning (20014): Assignment for entity set_global_assignment -name MERGE_EQUIVALENT_INPUTS ON -entity char_top -section_id Top was ignored
    Warning (20014): Assignment for entity set_global_assignment -name MERGE_EQUIVALENT_BIDIRS ON -entity char_top -section_id Top was ignored
    Warning (20014): Assignment for entity set_global_assignment -name ABSORB_PATHS_FROM_OUTPUTS_TO_INPUTS ON -entity char_top -section_id Top was ignored
    Warning (20014): Assignment for entity set_global_assignment -name PARTITION_EXTRACT_HARD_BLOCK_NODES ON -entity char_top -section_id Top was ignored
    Warning (20014): Assignment for entity set_global_assignment -name PARTITION_ENABLE_STRICT_PRESERVATION OFF -entity char_top -section_id Top was ignored
Info (16010): Generating hard_block partition "hard_block:auto_generated_inst"
    Info (16011): Adding 0 node(s), including 0 DDIO, 0 PLL, 0 transceiver and 0 LCELL
Info (21057): Implemented 190 device resources after synthesis - the final resource count might be different
    Info (21058): Implemented 11 input pins
    Info (21059): Implemented 15 output pins
    Info (21061): Implemented 161 logic cells
    Info (21064): Implemented 3 RAM segments
Info: Quartus Prime Analysis & Synthesis was successful. 0 errors, 101 warnings
    Info: Peak virtual memory: 4880 megabytes
    Info: Processing ended: Tue May 07 19:03:14 2024
    Info: Elapsed time: 00:00:06
    Info: Total CPU time (on all processors): 00:00:04


